[2025-03-02 23:43:46,673] INFO in __init__: Application Starting
[2025-03-02 23:43:47,912] INFO in _internal: [31m[1mWARNING: This is a development server. Do not use it in a production deployment. Use a production WSGI server instead.[0m
 * Running on http://127.0.0.1:5000
[2025-03-02 23:43:47,912] INFO in _internal: [33mPress CTRL+C to quit[0m
[2025-03-02 23:43:47,913] INFO in _internal:  * Restarting with stat
[2025-03-02 23:43:48,243] INFO in __init__: Application Starting
[2025-03-02 23:43:49,231] WARNING in _internal:  * Debugger is active!
[2025-03-02 23:43:49,237] INFO in _internal:  * Debugger PIN: 115-837-770
[2025-03-02 23:47:51,865] INFO in __init__: Application Starting
[2025-03-02 23:47:53,419] INFO in _internal: [31m[1mWARNING: This is a development server. Do not use it in a production deployment. Use a production WSGI server instead.[0m
 * Running on http://127.0.0.1:5000
[2025-03-02 23:47:53,419] INFO in _internal: [33mPress CTRL+C to quit[0m
[2025-03-02 23:47:53,419] INFO in _internal:  * Restarting with stat
[2025-03-02 23:47:53,734] INFO in __init__: Application Starting
[2025-03-02 23:47:54,683] WARNING in _internal:  * Debugger is active!
[2025-03-02 23:47:54,688] INFO in _internal:  * Debugger PIN: 115-837-770
[2025-03-02 23:48:28,934] INFO in _internal: 127.0.0.1 - - [02/Mar/2025 23:48:28] "GET / HTTP/1.1" 200 -
[2025-03-02 23:48:29,030] INFO in _internal: 127.0.0.1 - - [02/Mar/2025 23:48:29] "[36mGET /static/css/style.css HTTP/1.1[0m" 304 -
[2025-03-02 23:48:52,777] INFO in _internal: 127.0.0.1 - - [02/Mar/2025 23:48:52] "GET /manage_channel HTTP/1.1" 200 -
[2025-03-02 23:48:52,870] INFO in _internal: 127.0.0.1 - - [02/Mar/2025 23:48:52] "[36mGET /manage_channel?__debugger__=yes&cmd=resource&f=console.png HTTP/1.1[0m" 304 -
[2025-03-02 23:48:52,870] INFO in _internal: 127.0.0.1 - - [02/Mar/2025 23:48:52] "[36mGET /manage_channel?__debugger__=yes&cmd=resource&f=debugger.js HTTP/1.1[0m" 304 -
[2025-03-02 23:48:52,870] INFO in _internal: 127.0.0.1 - - [02/Mar/2025 23:48:52] "[36mGET /manage_channel?__debugger__=yes&cmd=resource&f=style.css HTTP/1.1[0m" 304 -
[2025-03-02 23:48:52,934] INFO in _internal: 127.0.0.1 - - [02/Mar/2025 23:48:52] "[36mGET /static/css/style.css HTTP/1.1[0m" 304 -
[2025-03-02 23:48:53,486] INFO in models: Starting token refresh for user rj175
[2025-03-02 23:48:53,686] INFO in models: Token refresh successful for user rj175
[2025-03-02 23:48:54,756] INFO in models: Starting token refresh for user rj175
[2025-03-02 23:48:54,867] INFO in models: Token refresh successful for user rj175
[2025-03-02 23:49:53,531] INFO in models: Starting token refresh for user rj175
[2025-03-02 23:49:53,676] INFO in models: Token refresh successful for user rj175
[2025-03-02 23:49:54,776] INFO in models: Starting token refresh for user rj175
[2025-03-02 23:49:54,896] INFO in models: Token refresh successful for user rj175
[2025-03-02 23:50:04,175] INFO in _internal:  * Detected change in '/Users/richard/repos/github.com/systemsmystery/spotify-twitch/app/routes.py', reloading
[2025-03-02 23:50:04,234] INFO in _internal:  * Restarting with stat
[2025-03-02 23:50:04,584] INFO in __init__: Application Starting
[2025-03-02 23:50:05,492] WARNING in _internal:  * Debugger is active!
[2025-03-02 23:50:05,497] INFO in _internal:  * Debugger PIN: 115-837-770
[2025-03-02 23:50:09,568] INFO in _internal:  * Detected change in '/Users/richard/repos/github.com/systemsmystery/spotify-twitch/app/routes.py', reloading
[2025-03-02 23:50:09,616] INFO in _internal:  * Restarting with stat
[2025-03-02 23:50:09,941] INFO in __init__: Application Starting
[2025-03-02 23:50:10,854] WARNING in _internal:  * Debugger is active!
[2025-03-02 23:50:10,859] INFO in _internal:  * Debugger PIN: 115-837-770
[2025-03-02 23:50:37,296] INFO in _internal:  * Detected change in '/Users/richard/repos/github.com/systemsmystery/spotify-twitch/app/tasks.py', reloading
[2025-03-02 23:50:37,361] INFO in _internal:  * Restarting with stat
[2025-03-02 23:50:37,723] INFO in __init__: Application Starting
[2025-03-02 23:50:38,648] WARNING in _internal:  * Debugger is active!
[2025-03-02 23:50:38,654] INFO in _internal:  * Debugger PIN: 115-837-770
[2025-03-02 23:50:53,547] INFO in models: Starting token refresh for user rj175
[2025-03-02 23:50:53,690] INFO in models: Token refresh successful for user rj175
[2025-03-02 23:51:12,169] INFO in _internal:  * Detected change in '/Users/richard/repos/github.com/systemsmystery/spotify-twitch/app/tasks.py', reloading
[2025-03-02 23:51:12,233] INFO in _internal:  * Restarting with stat
[2025-03-02 23:51:12,605] INFO in __init__: Application Starting
[2025-03-02 23:51:15,057] WARNING in _internal:  * Debugger is active!
[2025-03-02 23:51:15,063] INFO in _internal:  * Debugger PIN: 115-837-770
[2025-03-02 23:51:19,108] INFO in _internal:  * Detected change in '/Users/richard/repos/github.com/systemsmystery/spotify-twitch/app/tasks.py', reloading
[2025-03-02 23:51:19,165] INFO in _internal:  * Restarting with stat
[2025-03-02 23:51:19,509] INFO in __init__: Application Starting
[2025-03-02 23:51:20,461] WARNING in _internal:  * Debugger is active!
[2025-03-02 23:51:20,468] INFO in _internal:  * Debugger PIN: 115-837-770
[2025-03-02 23:51:27,599] INFO in _internal:  * Detected change in '/Users/richard/repos/github.com/systemsmystery/spotify-twitch/app/tasks.py', reloading
[2025-03-02 23:51:27,666] INFO in _internal:  * Restarting with stat
[2025-03-02 23:51:28,038] INFO in __init__: Application Starting
[2025-03-02 23:51:29,936] WARNING in _internal:  * Debugger is active!
[2025-03-02 23:51:29,941] INFO in _internal:  * Debugger PIN: 115-837-770
[2025-03-02 23:51:33,984] INFO in _internal:  * Detected change in '/Users/richard/repos/github.com/systemsmystery/spotify-twitch/app/tasks.py', reloading
[2025-03-02 23:51:34,035] INFO in _internal:  * Restarting with stat
[2025-03-02 23:51:34,362] INFO in __init__: Application Starting
[2025-03-02 23:51:35,186] WARNING in _internal:  * Debugger is active!
[2025-03-02 23:51:35,191] INFO in _internal:  * Debugger PIN: 115-837-770
[2025-03-02 23:51:38,235] INFO in _internal:  * Detected change in '/Users/richard/repos/github.com/systemsmystery/spotify-twitch/app/tasks.py', reloading
[2025-03-02 23:51:38,297] INFO in _internal:  * Restarting with stat
[2025-03-02 23:51:38,654] INFO in __init__: Application Starting
[2025-03-02 23:51:39,590] WARNING in _internal:  * Debugger is active!
[2025-03-02 23:51:39,595] INFO in _internal:  * Debugger PIN: 115-837-770
[2025-03-02 23:51:44,658] INFO in _internal:  * Detected change in '/Users/richard/repos/github.com/systemsmystery/spotify-twitch/app/tasks.py', reloading
[2025-03-02 23:51:44,724] INFO in _internal:  * Restarting with stat
[2025-03-02 23:51:45,092] INFO in __init__: Application Starting
[2025-03-02 23:51:45,949] WARNING in _internal:  * Debugger is active!
[2025-03-02 23:51:45,955] INFO in _internal:  * Debugger PIN: 115-837-770
[2025-03-02 23:51:53,030] INFO in _internal:  * Detected change in '/Users/richard/repos/github.com/systemsmystery/spotify-twitch/app/tasks.py', reloading
[2025-03-02 23:51:53,094] INFO in _internal:  * Restarting with stat
[2025-03-02 23:51:53,427] INFO in __init__: Application Starting
[2025-03-02 23:51:53,488] INFO in models: Starting token refresh for user rj175
[2025-03-02 23:51:53,650] INFO in models: Token refresh successful for user rj175
[2025-03-02 23:51:54,403] WARNING in _internal:  * Debugger is active!
[2025-03-02 23:51:54,409] INFO in _internal:  * Debugger PIN: 115-837-770
[2025-03-02 23:51:59,466] INFO in _internal:  * Detected change in '/Users/richard/repos/github.com/systemsmystery/spotify-twitch/app/tasks.py', reloading
[2025-03-02 23:51:59,526] INFO in _internal:  * Restarting with stat
[2025-03-02 23:51:59,904] INFO in __init__: Application Starting
[2025-03-02 23:52:00,946] WARNING in _internal:  * Debugger is active!
[2025-03-02 23:52:00,952] INFO in _internal:  * Debugger PIN: 115-837-770
[2025-03-02 23:52:10,039] INFO in _internal:  * Detected change in '/Users/richard/repos/github.com/systemsmystery/spotify-twitch/app/tasks.py', reloading
[2025-03-02 23:52:10,092] INFO in _internal:  * Restarting with stat
[2025-03-02 23:52:10,420] INFO in __init__: Application Starting
[2025-03-02 23:52:12,747] WARNING in _internal:  * Debugger is active!
[2025-03-02 23:52:12,753] INFO in _internal:  * Debugger PIN: 115-837-770
[2025-03-02 23:52:30,001] INFO in _internal:  * Detected change in '/Users/richard/repos/github.com/systemsmystery/spotify-twitch/app/tasks.py', reloading
[2025-03-02 23:52:30,053] INFO in _internal:  * Restarting with stat
[2025-03-02 23:52:30,385] INFO in __init__: Application Starting
[2025-03-02 23:52:31,277] WARNING in _internal:  * Debugger is active!
[2025-03-02 23:52:31,282] INFO in _internal:  * Debugger PIN: 115-837-770
[2025-03-02 23:52:39,420] INFO in _internal:  * Detected change in '/Users/richard/repos/github.com/systemsmystery/spotify-twitch/app/tasks.py', reloading
[2025-03-02 23:52:39,475] INFO in _internal:  * Restarting with stat
[2025-03-02 23:52:39,804] INFO in __init__: Application Starting
[2025-03-02 23:52:42,027] WARNING in _internal:  * Debugger is active!
[2025-03-02 23:52:42,032] INFO in _internal:  * Debugger PIN: 115-837-770
[2025-03-02 23:52:45,066] INFO in _internal:  * Detected change in '/Users/richard/repos/github.com/systemsmystery/spotify-twitch/app/tasks.py', reloading
[2025-03-02 23:52:45,123] INFO in _internal:  * Restarting with stat
[2025-03-02 23:52:45,492] INFO in __init__: Application Starting
[2025-03-02 23:52:46,430] WARNING in _internal:  * Debugger is active!
[2025-03-02 23:52:46,436] INFO in _internal:  * Debugger PIN: 115-837-770
[2025-03-02 23:52:51,514] INFO in _internal:  * Detected change in '/Users/richard/repos/github.com/systemsmystery/spotify-twitch/app/tasks.py', reloading
[2025-03-02 23:52:51,578] INFO in _internal:  * Restarting with stat
[2025-03-02 23:52:51,922] INFO in __init__: Application Starting
[2025-03-02 23:52:52,816] WARNING in _internal:  * Debugger is active!
[2025-03-02 23:52:52,822] INFO in _internal:  * Debugger PIN: 115-837-770
[2025-03-02 23:52:53,749] INFO in models: Starting token refresh for user rj175
[2025-03-02 23:52:54,105] INFO in models: Token refresh successful for user rj175
[2025-03-02 23:52:57,884] INFO in _internal:  * Detected change in '/Users/richard/repos/github.com/systemsmystery/spotify-twitch/app/tasks.py', reloading
[2025-03-02 23:52:57,951] INFO in _internal:  * Restarting with stat
[2025-03-02 23:52:58,321] INFO in __init__: Application Starting
[2025-03-02 23:52:59,119] WARNING in _internal:  * Debugger is active!
[2025-03-02 23:52:59,125] INFO in _internal:  * Debugger PIN: 115-837-770
[2025-03-02 23:53:06,220] INFO in _internal:  * Detected change in '/Users/richard/repos/github.com/systemsmystery/spotify-twitch/app/tasks.py', reloading
[2025-03-02 23:53:06,287] INFO in _internal:  * Restarting with stat
[2025-03-02 23:53:06,626] INFO in __init__: Application Starting
[2025-03-02 23:53:07,528] WARNING in _internal:  * Debugger is active!
[2025-03-02 23:53:07,534] INFO in _internal:  * Debugger PIN: 115-837-770
[2025-03-02 23:53:12,598] INFO in _internal:  * Detected change in '/Users/richard/repos/github.com/systemsmystery/spotify-twitch/app/tasks.py', reloading
[2025-03-02 23:53:12,660] INFO in _internal:  * Restarting with stat
[2025-03-02 23:53:12,998] INFO in __init__: Application Starting
[2025-03-02 23:53:13,881] WARNING in _internal:  * Debugger is active!
[2025-03-02 23:53:13,886] INFO in _internal:  * Debugger PIN: 115-837-770
[2025-03-02 23:53:17,953] INFO in _internal:  * Detected change in '/Users/richard/repos/github.com/systemsmystery/spotify-twitch/app/tasks.py', reloading
[2025-03-02 23:53:18,004] INFO in _internal:  * Restarting with stat
[2025-03-02 23:53:18,338] INFO in __init__: Application Starting
[2025-03-02 23:53:19,214] WARNING in _internal:  * Debugger is active!
[2025-03-02 23:53:19,220] INFO in _internal:  * Debugger PIN: 115-837-770
[2025-03-02 23:53:24,300] INFO in _internal:  * Detected change in '/Users/richard/repos/github.com/systemsmystery/spotify-twitch/app/tasks.py', reloading
[2025-03-02 23:53:24,366] INFO in _internal:  * Restarting with stat
[2025-03-02 23:53:24,729] INFO in __init__: Application Starting
[2025-03-02 23:53:25,974] WARNING in _internal:  * Debugger is active!
[2025-03-02 23:53:25,979] INFO in _internal:  * Debugger PIN: 115-837-770
[2025-03-02 23:53:31,032] INFO in _internal:  * Detected change in '/Users/richard/repos/github.com/systemsmystery/spotify-twitch/app/tasks.py', reloading
[2025-03-02 23:53:31,083] INFO in _internal:  * Restarting with stat
[2025-03-02 23:53:31,409] INFO in __init__: Application Starting
[2025-03-02 23:53:32,395] WARNING in _internal:  * Debugger is active!
[2025-03-02 23:53:32,400] INFO in _internal:  * Debugger PIN: 115-837-770
[2025-03-02 23:53:41,592] INFO in _internal:  * Detected change in '/Users/richard/repos/github.com/systemsmystery/spotify-twitch/app/tasks.py', reloading
[2025-03-02 23:53:41,675] INFO in _internal:  * Restarting with stat
[2025-03-02 23:53:42,016] INFO in __init__: Application Starting
[2025-03-02 23:53:42,931] WARNING in _internal:  * Debugger is active!
[2025-03-02 23:53:42,938] INFO in _internal:  * Debugger PIN: 115-837-770
[2025-03-02 23:53:50,055] INFO in _internal:  * Detected change in '/Users/richard/repos/github.com/systemsmystery/spotify-twitch/app/tasks.py', reloading
[2025-03-02 23:53:50,127] INFO in _internal:  * Restarting with stat
[2025-03-02 23:53:50,473] INFO in __init__: Application Starting
[2025-03-02 23:53:52,023] WARNING in _internal:  * Debugger is active!
[2025-03-02 23:53:52,028] INFO in _internal:  * Debugger PIN: 115-837-770
[2025-03-02 23:53:53,724] INFO in models: Starting token refresh for user rj175
[2025-03-02 23:53:54,091] INFO in models: Token refresh successful for user rj175
[2025-03-02 23:53:57,074] INFO in _internal:  * Detected change in '/Users/richard/repos/github.com/systemsmystery/spotify-twitch/app/tasks.py', reloading
[2025-03-02 23:53:57,140] INFO in _internal:  * Restarting with stat
[2025-03-02 23:53:57,490] INFO in __init__: Application Starting
[2025-03-02 23:53:58,437] WARNING in _internal:  * Debugger is active!
[2025-03-02 23:53:58,443] INFO in _internal:  * Debugger PIN: 115-837-770
[2025-03-02 23:54:04,528] INFO in _internal:  * Detected change in '/Users/richard/repos/github.com/systemsmystery/spotify-twitch/app/tasks.py', reloading
[2025-03-02 23:54:04,594] INFO in _internal:  * Restarting with stat
[2025-03-02 23:54:04,922] INFO in __init__: Application Starting
[2025-03-02 23:54:06,625] WARNING in _internal:  * Debugger is active!
[2025-03-02 23:54:06,631] INFO in _internal:  * Debugger PIN: 115-837-770
[2025-03-02 23:54:15,802] INFO in _internal:  * Detected change in '/Users/richard/repos/github.com/systemsmystery/spotify-twitch/app/tasks.py', reloading
[2025-03-02 23:54:15,867] INFO in _internal:  * Restarting with stat
[2025-03-02 23:54:16,239] INFO in __init__: Application Starting
[2025-03-02 23:54:17,130] WARNING in _internal:  * Debugger is active!
[2025-03-02 23:54:17,135] INFO in _internal:  * Debugger PIN: 115-837-770
[2025-03-02 23:54:30,358] INFO in __init__: Application Starting
[2025-03-02 23:54:31,281] INFO in _internal: [31m[1mWARNING: This is a development server. Do not use it in a production deployment. Use a production WSGI server instead.[0m
 * Running on http://127.0.0.1:5000
[2025-03-02 23:54:31,281] INFO in _internal: [33mPress CTRL+C to quit[0m
[2025-03-02 23:54:31,282] INFO in _internal:  * Restarting with stat
[2025-03-02 23:54:31,597] INFO in __init__: Application Starting
[2025-03-02 23:54:32,586] WARNING in _internal:  * Debugger is active!
[2025-03-02 23:54:32,592] INFO in _internal:  * Debugger PIN: 115-837-770
[2025-03-02 23:54:44,905] INFO in routes: Getting moderated channels for user ID 501983788
[2025-03-02 23:54:45,266] INFO in _internal: 127.0.0.1 - - [02/Mar/2025 23:54:45] "GET /manage_channel HTTP/1.1" 200 -
[2025-03-02 23:54:45,450] INFO in _internal: 127.0.0.1 - - [02/Mar/2025 23:54:45] "[36mGET /static/css/style.css HTTP/1.1[0m" 304 -
[2025-03-02 23:55:31,267] INFO in tasks: Starting token refresh at 2025-03-02 23:55:31.267679
[2025-03-02 23:55:31,268] INFO in tasks: Starting current song check at 2025-03-02 23:55:31.268726
[2025-03-02 23:55:31,347] INFO in models: Starting token refresh for user rj175
[2025-03-02 23:55:31,517] INFO in models: Token refresh successful for user rj175
[2025-03-02 23:55:31,519] INFO in tasks: Refreshed Spotify token for user rj175
[2025-03-02 23:55:31,758] INFO in tasks: Decrypted token for user rj175: True
[2025-03-02 23:55:31,885] ERROR in tasks: Spotify API error for user rj175: http status: 401, code: -1 - https://api.spotify.com/v1/me/player/currently-playing:
 The access token expired, reason: None
[2025-03-02 23:55:31,885] ERROR in tasks: Error type: <class 'spotipy.exceptions.SpotifyException'>
[2025-03-02 23:55:31,888] ERROR in tasks: Error details: {'http_status': 401, 'code': -1, 'msg': 'https://api.spotify.com/v1/me/player/currently-playing:\n The access token expired', 'reason': None, 'headers': {'www-authenticate': 'Bearer realm="spotify", error="invalid_token", error_description="The access token expired"', 'access-control-allow-origin': '*', 'access-control-allow-headers': 'Accept, App-Platform, Authorization, Content-Type, Origin, Retry-After, Spotify-App-Version, X-Cloud-Trace-Context, client-token, content-access-token', 'access-control-allow-methods': 'GET, POST, OPTIONS, PUT, DELETE, PATCH', 'access-control-allow-credentials': 'true', 'access-control-max-age': '604800', 'content-type': 'application/json', 'content-encoding': 'gzip', 'strict-transport-security': 'max-age=31536000', 'x-content-type-options': 'nosniff', 'date': 'Sun, 02 Mar 2025 23:55:31 GMT', 'server': 'envoy', 'Via': 'HTTP/2 edgeproxy, 1.1 google', 'Alt-Svc': 'h3=":443"; ma=2592000,h3-29=":443"; ma=2592000', 'Transfer-Encoding': 'chunked'}}
[2025-03-02 23:55:32,572] INFO in tasks: Starting token refresh at 2025-03-02 23:55:32.572086
[2025-03-02 23:55:32,573] INFO in tasks: Starting current song check at 2025-03-02 23:55:32.572967
[2025-03-02 23:55:32,825] INFO in models: Starting token refresh for user rj175
[2025-03-02 23:55:33,127] INFO in models: Token refresh successful for user rj175
[2025-03-02 23:55:33,128] INFO in tasks: Refreshed Spotify token for user rj175
[2025-03-02 23:55:33,327] ERROR in tasks: Error processing user rj175: list indices must be integers or slices, not str
[2025-03-02 23:55:33,329] INFO in tasks: Completed token refresh at 2025-03-02 23:55:33.328979
[2025-03-02 23:55:33,849] INFO in tasks: Decrypted token for user rj175: True
[2025-03-02 23:55:34,171] ERROR in tasks: Spotify API error for user rj175: http status: 401, code: -1 - https://api.spotify.com/v1/me/player/currently-playing:
 The access token expired, reason: None
[2025-03-02 23:55:34,171] ERROR in tasks: Error type: <class 'spotipy.exceptions.SpotifyException'>
[2025-03-02 23:55:34,171] ERROR in tasks: Error details: {'http_status': 401, 'code': -1, 'msg': 'https://api.spotify.com/v1/me/player/currently-playing:\n The access token expired', 'reason': None, 'headers': {'www-authenticate': 'Bearer realm="spotify", error="invalid_token", error_description="The access token expired"', 'access-control-allow-origin': '*', 'access-control-allow-headers': 'Accept, App-Platform, Authorization, Content-Type, Origin, Retry-After, Spotify-App-Version, X-Cloud-Trace-Context, client-token, content-access-token', 'access-control-allow-methods': 'GET, POST, OPTIONS, PUT, DELETE, PATCH', 'access-control-allow-credentials': 'true', 'access-control-max-age': '604800', 'content-type': 'application/json', 'content-encoding': 'gzip', 'strict-transport-security': 'max-age=31536000', 'x-content-type-options': 'nosniff', 'date': 'Sun, 02 Mar 2025 23:55:34 GMT', 'server': 'envoy', 'Via': 'HTTP/2 edgeproxy, 1.1 google', 'Alt-Svc': 'h3=":443"; ma=2592000,h3-29=":443"; ma=2592000', 'Transfer-Encoding': 'chunked'}}
[2025-03-02 23:55:34,838] ERROR in tasks: Error processing user rj175: list indices must be integers or slices, not str
[2025-03-02 23:55:34,841] INFO in tasks: Completed token refresh at 2025-03-02 23:55:34.841533
[2025-03-02 23:56:31,266] INFO in tasks: Starting token refresh at 2025-03-02 23:56:31.266224
[2025-03-02 23:56:31,266] INFO in tasks: Starting current song check at 2025-03-02 23:56:31.266357
[2025-03-02 23:56:31,532] INFO in models: Starting token refresh for user rj175
[2025-03-02 23:56:31,671] INFO in tasks: Decrypted token for user rj175: True
[2025-03-02 23:56:32,029] INFO in models: Token refresh successful for user rj175
[2025-03-02 23:56:32,030] ERROR in tasks: Spotify API error for user rj175: http status: 401, code: -1 - https://api.spotify.com/v1/me/player/currently-playing:
 The access token expired, reason: None
[2025-03-02 23:56:32,032] ERROR in tasks: Error type: <class 'spotipy.exceptions.SpotifyException'>
[2025-03-02 23:56:32,033] ERROR in tasks: Error details: {'http_status': 401, 'code': -1, 'msg': 'https://api.spotify.com/v1/me/player/currently-playing:\n The access token expired', 'reason': None, 'headers': {'www-authenticate': 'Bearer realm="spotify", error="invalid_token", error_description="The access token expired"', 'access-control-allow-origin': '*', 'access-control-allow-headers': 'Accept, App-Platform, Authorization, Content-Type, Origin, Retry-After, Spotify-App-Version, X-Cloud-Trace-Context, client-token, content-access-token', 'access-control-allow-methods': 'GET, POST, OPTIONS, PUT, DELETE, PATCH', 'access-control-allow-credentials': 'true', 'access-control-max-age': '604800', 'content-type': 'application/json', 'content-encoding': 'gzip', 'strict-transport-security': 'max-age=31536000', 'x-content-type-options': 'nosniff', 'date': 'Sun, 02 Mar 2025 23:56:31 GMT', 'server': 'envoy', 'Via': 'HTTP/2 edgeproxy, 1.1 google', 'Alt-Svc': 'h3=":443"; ma=2592000,h3-29=":443"; ma=2592000', 'Transfer-Encoding': 'chunked'}}
[2025-03-02 23:56:32,033] INFO in tasks: Refreshed Spotify token for user rj175
[2025-03-02 23:56:32,574] INFO in tasks: Starting token refresh at 2025-03-02 23:56:32.574208
[2025-03-02 23:56:32,574] INFO in tasks: Starting current song check at 2025-03-02 23:56:32.574655
[2025-03-02 23:56:32,919] INFO in tasks: Decrypted token for user rj175: True
[2025-03-02 23:56:32,920] INFO in models: Starting token refresh for user rj175
[2025-03-02 23:56:33,044] ERROR in tasks: Spotify API error for user rj175: http status: 401, code: -1 - https://api.spotify.com/v1/me/player/currently-playing:
 The access token expired, reason: None
[2025-03-02 23:56:33,044] ERROR in tasks: Error type: <class 'spotipy.exceptions.SpotifyException'>
[2025-03-02 23:56:33,044] ERROR in tasks: Error details: {'http_status': 401, 'code': -1, 'msg': 'https://api.spotify.com/v1/me/player/currently-playing:\n The access token expired', 'reason': None, 'headers': {'www-authenticate': 'Bearer realm="spotify", error="invalid_token", error_description="The access token expired"', 'access-control-allow-origin': '*', 'access-control-allow-headers': 'Accept, App-Platform, Authorization, Content-Type, Origin, Retry-After, Spotify-App-Version, X-Cloud-Trace-Context, client-token, content-access-token', 'access-control-allow-methods': 'GET, POST, OPTIONS, PUT, DELETE, PATCH', 'access-control-allow-credentials': 'true', 'access-control-max-age': '604800', 'content-type': 'application/json', 'content-encoding': 'gzip', 'strict-transport-security': 'max-age=31536000', 'x-content-type-options': 'nosniff', 'date': 'Sun, 02 Mar 2025 23:56:32 GMT', 'server': 'envoy', 'Via': 'HTTP/2 edgeproxy, 1.1 google', 'Alt-Svc': 'h3=":443"; ma=2592000,h3-29=":443"; ma=2592000', 'Transfer-Encoding': 'chunked'}}
[2025-03-02 23:56:33,073] INFO in models: Token refresh successful for user rj175
[2025-03-02 23:56:33,073] INFO in tasks: Refreshed Spotify token for user rj175
[2025-03-02 23:56:33,414] ERROR in tasks: Error processing user rj175: list indices must be integers or slices, not str
[2025-03-02 23:56:33,416] INFO in tasks: Completed token refresh at 2025-03-02 23:56:33.416534
[2025-03-02 23:56:34,303] ERROR in tasks: Error processing user rj175: list indices must be integers or slices, not str
[2025-03-02 23:56:34,303] INFO in tasks: Completed token refresh at 2025-03-02 23:56:34.303572
[2025-03-02 23:57:31,267] INFO in tasks: Starting token refresh at 2025-03-02 23:57:31.267019
[2025-03-02 23:57:31,267] INFO in tasks: Starting current song check at 2025-03-02 23:57:31.267193
[2025-03-02 23:57:31,365] INFO in models: Starting token refresh for user rj175
[2025-03-02 23:57:31,400] INFO in tasks: Decrypted token for user rj175: True
[2025-03-02 23:57:31,481] INFO in models: Token refresh successful for user rj175
[2025-03-02 23:57:31,482] INFO in tasks: Refreshed Spotify token for user rj175
[2025-03-02 23:57:31,499] ERROR in tasks: Spotify API error for user rj175: http status: 401, code: -1 - https://api.spotify.com/v1/me/player/currently-playing:
 The access token expired, reason: None
[2025-03-02 23:57:31,501] ERROR in tasks: Error type: <class 'spotipy.exceptions.SpotifyException'>
[2025-03-02 23:57:31,501] ERROR in tasks: Error details: {'http_status': 401, 'code': -1, 'msg': 'https://api.spotify.com/v1/me/player/currently-playing:\n The access token expired', 'reason': None, 'headers': {'www-authenticate': 'Bearer realm="spotify", error="invalid_token", error_description="The access token expired"', 'access-control-allow-origin': '*', 'access-control-allow-headers': 'Accept, App-Platform, Authorization, Content-Type, Origin, Retry-After, Spotify-App-Version, X-Cloud-Trace-Context, client-token, content-access-token', 'access-control-allow-methods': 'GET, POST, OPTIONS, PUT, DELETE, PATCH', 'access-control-allow-credentials': 'true', 'access-control-max-age': '604800', 'content-type': 'application/json', 'content-encoding': 'gzip', 'strict-transport-security': 'max-age=31536000', 'x-content-type-options': 'nosniff', 'date': 'Sun, 02 Mar 2025 23:57:31 GMT', 'server': 'envoy', 'Via': 'HTTP/2 edgeproxy, 1.1 google', 'Alt-Svc': 'h3=":443"; ma=2592000,h3-29=":443"; ma=2592000', 'Transfer-Encoding': 'chunked'}}
[2025-03-02 23:57:32,572] INFO in tasks: Starting token refresh at 2025-03-02 23:57:32.572629
[2025-03-02 23:57:32,572] INFO in tasks: Starting current song check at 2025-03-02 23:57:32.572875
[2025-03-02 23:57:32,687] INFO in models: Starting token refresh for user rj175
[2025-03-02 23:57:32,724] INFO in tasks: Decrypted token for user rj175: True
[2025-03-02 23:57:32,725] ERROR in tasks: Error processing user rj175: list indices must be integers or slices, not str
[2025-03-02 23:57:32,727] INFO in tasks: Completed token refresh at 2025-03-02 23:57:32.727822
[2025-03-02 23:57:32,818] ERROR in tasks: Spotify API error for user rj175: http status: 401, code: -1 - https://api.spotify.com/v1/me/player/currently-playing:
 The access token expired, reason: None
[2025-03-02 23:57:32,818] ERROR in tasks: Error type: <class 'spotipy.exceptions.SpotifyException'>
[2025-03-02 23:57:32,819] ERROR in tasks: Error details: {'http_status': 401, 'code': -1, 'msg': 'https://api.spotify.com/v1/me/player/currently-playing:\n The access token expired', 'reason': None, 'headers': {'www-authenticate': 'Bearer realm="spotify", error="invalid_token", error_description="The access token expired"', 'access-control-allow-origin': '*', 'access-control-allow-headers': 'Accept, App-Platform, Authorization, Content-Type, Origin, Retry-After, Spotify-App-Version, X-Cloud-Trace-Context, client-token, content-access-token', 'access-control-allow-methods': 'GET, POST, OPTIONS, PUT, DELETE, PATCH', 'access-control-allow-credentials': 'true', 'access-control-max-age': '604800', 'content-type': 'application/json', 'content-encoding': 'gzip', 'strict-transport-security': 'max-age=31536000', 'x-content-type-options': 'nosniff', 'date': 'Sun, 02 Mar 2025 23:57:32 GMT', 'server': 'envoy', 'Via': 'HTTP/2 edgeproxy, 1.1 google', 'Alt-Svc': 'h3=":443"; ma=2592000,h3-29=":443"; ma=2592000', 'Transfer-Encoding': 'chunked'}}
[2025-03-02 23:57:32,842] INFO in models: Token refresh successful for user rj175
[2025-03-02 23:57:32,843] INFO in tasks: Refreshed Spotify token for user rj175
[2025-03-02 23:57:34,047] ERROR in tasks: Error processing user rj175: list indices must be integers or slices, not str
[2025-03-02 23:57:34,049] INFO in tasks: Completed token refresh at 2025-03-02 23:57:34.049258
[2025-03-02 23:58:19,015] INFO in _internal:  * Detected change in '/Users/richard/repos/github.com/systemsmystery/spotify-twitch/app/tasks.py', reloading
[2025-03-02 23:58:19,090] INFO in _internal:  * Restarting with stat
[2025-03-02 23:58:19,460] INFO in __init__: Application Starting
[2025-03-02 23:58:20,344] WARNING in _internal:  * Debugger is active!
[2025-03-02 23:58:20,350] INFO in _internal:  * Debugger PIN: 115-837-770
[2025-03-02 23:58:31,266] INFO in tasks: Starting token refresh at 2025-03-02 23:58:31.266887
[2025-03-02 23:58:31,267] INFO in tasks: Starting current song check at 2025-03-02 23:58:31.267042
[2025-03-02 23:58:31,355] INFO in models: Starting token refresh for user rj175
[2025-03-02 23:58:31,385] INFO in tasks: Decrypted token for user rj175: True
[2025-03-02 23:58:31,501] ERROR in tasks: Spotify API error for user rj175: http status: 401, code: -1 - https://api.spotify.com/v1/me/player/currently-playing:
 The access token expired, reason: None
[2025-03-02 23:58:31,501] ERROR in tasks: Error type: <class 'spotipy.exceptions.SpotifyException'>
[2025-03-02 23:58:31,501] ERROR in tasks: Error details: {'http_status': 401, 'code': -1, 'msg': 'https://api.spotify.com/v1/me/player/currently-playing:\n The access token expired', 'reason': None, 'headers': {'www-authenticate': 'Bearer realm="spotify", error="invalid_token", error_description="The access token expired"', 'access-control-allow-origin': '*', 'access-control-allow-headers': 'Accept, App-Platform, Authorization, Content-Type, Origin, Retry-After, Spotify-App-Version, X-Cloud-Trace-Context, client-token, content-access-token', 'access-control-allow-methods': 'GET, POST, OPTIONS, PUT, DELETE, PATCH', 'access-control-allow-credentials': 'true', 'access-control-max-age': '604800', 'content-type': 'application/json', 'content-encoding': 'gzip', 'strict-transport-security': 'max-age=31536000', 'x-content-type-options': 'nosniff', 'date': 'Sun, 02 Mar 2025 23:58:31 GMT', 'server': 'envoy', 'Via': 'HTTP/2 edgeproxy, 1.1 google', 'Alt-Svc': 'h3=":443"; ma=2592000,h3-29=":443"; ma=2592000', 'Transfer-Encoding': 'chunked'}}
[2025-03-02 23:58:31,524] INFO in models: Token refresh successful for user rj175
[2025-03-02 23:58:31,526] INFO in tasks: Refreshed Spotify token for user rj175
[2025-03-02 23:58:32,811] ERROR in tasks: Error processing user rj175: list indices must be integers or slices, not str
[2025-03-02 23:58:32,812] INFO in tasks: Completed token refresh at 2025-03-02 23:58:32.811981
[2025-03-02 23:58:44,708] INFO in _internal:  * Detected change in '/Users/richard/repos/github.com/systemsmystery/spotify-twitch/app/tasks.py', reloading
[2025-03-02 23:58:44,774] INFO in _internal:  * Restarting with stat
[2025-03-02 23:58:45,127] INFO in __init__: Application Starting
[2025-03-02 23:58:46,113] WARNING in _internal:  * Debugger is active!
[2025-03-02 23:58:46,118] INFO in _internal:  * Debugger PIN: 115-837-770
[2025-03-02 23:59:01,346] INFO in _internal:  * Detected change in '/Users/richard/repos/github.com/systemsmystery/spotify-twitch/app/tasks.py', reloading
[2025-03-02 23:59:01,403] INFO in _internal:  * Restarting with stat
[2025-03-02 23:59:01,753] INFO in __init__: Application Starting
[2025-03-02 23:59:02,637] WARNING in _internal:  * Debugger is active!
[2025-03-02 23:59:02,642] INFO in _internal:  * Debugger PIN: 115-837-770
[2025-03-02 23:59:11,390] INFO in __init__: Application Starting
[2025-03-02 23:59:12,823] INFO in _internal: [31m[1mWARNING: This is a development server. Do not use it in a production deployment. Use a production WSGI server instead.[0m
 * Running on http://127.0.0.1:5000
[2025-03-02 23:59:12,823] INFO in _internal: [33mPress CTRL+C to quit[0m
[2025-03-02 23:59:12,824] INFO in _internal:  * Restarting with stat
[2025-03-02 23:59:13,136] INFO in __init__: Application Starting
[2025-03-02 23:59:14,112] WARNING in _internal:  * Debugger is active!
[2025-03-02 23:59:14,118] INFO in _internal:  * Debugger PIN: 115-837-770
[2025-03-03 00:00:12,802] INFO in tasks: Starting token refresh at 2025-03-03 00:00:12.802375
[2025-03-03 00:00:12,803] INFO in tasks: Starting current song check at 2025-03-03 00:00:12.803710
[2025-03-03 00:00:13,314] INFO in models: Starting token refresh for user rj175
[2025-03-03 00:00:13,320] INFO in tasks: Decrypted token for user rj175: True
[2025-03-03 00:00:13,440] ERROR in tasks: Spotify API error for user rj175: http status: 401, code: -1 - https://api.spotify.com/v1/me/player/currently-playing:
 The access token expired, reason: None
[2025-03-03 00:00:13,440] ERROR in tasks: Error type: <class 'spotipy.exceptions.SpotifyException'>
[2025-03-03 00:00:13,440] ERROR in tasks: Error details: {'http_status': 401, 'code': -1, 'msg': 'https://api.spotify.com/v1/me/player/currently-playing:\n The access token expired', 'reason': None, 'headers': {'www-authenticate': 'Bearer realm="spotify", error="invalid_token", error_description="The access token expired"', 'access-control-allow-origin': '*', 'access-control-allow-headers': 'Accept, App-Platform, Authorization, Content-Type, Origin, Retry-After, Spotify-App-Version, X-Cloud-Trace-Context, client-token, content-access-token', 'access-control-allow-methods': 'GET, POST, OPTIONS, PUT, DELETE, PATCH', 'access-control-allow-credentials': 'true', 'access-control-max-age': '604800', 'content-type': 'application/json', 'content-encoding': 'gzip', 'strict-transport-security': 'max-age=31536000', 'x-content-type-options': 'nosniff', 'date': 'Mon, 03 Mar 2025 00:00:13 GMT', 'server': 'envoy', 'Via': 'HTTP/2 edgeproxy, 1.1 google', 'Alt-Svc': 'h3=":443"; ma=2592000,h3-29=":443"; ma=2592000', 'Transfer-Encoding': 'chunked'}}
[2025-03-03 00:00:13,458] INFO in models: Token refresh successful for user rj175
[2025-03-03 00:00:13,458] INFO in tasks: Refreshed Spotify token for user rj175
[2025-03-03 00:00:14,099] INFO in tasks: Starting token refresh at 2025-03-03 00:00:14.099114
[2025-03-03 00:00:14,110] INFO in tasks: Starting current song check at 2025-03-03 00:00:14.110803
[2025-03-03 00:00:14,201] INFO in models: Starting token refresh for user rj175
[2025-03-03 00:00:14,343] INFO in models: Token refresh successful for user rj175
[2025-03-03 00:00:14,345] INFO in tasks: Refreshed Spotify token for user rj175
[2025-03-03 00:00:14,492] INFO in tasks: Decrypted token for user rj175: True
[2025-03-03 00:00:14,599] ERROR in tasks: Spotify API error for user rj175: http status: 401, code: -1 - https://api.spotify.com/v1/me/player/currently-playing:
 The access token expired, reason: None
[2025-03-03 00:00:14,600] ERROR in tasks: Error type: <class 'spotipy.exceptions.SpotifyException'>
[2025-03-03 00:00:14,600] ERROR in tasks: Error details: {'http_status': 401, 'code': -1, 'msg': 'https://api.spotify.com/v1/me/player/currently-playing:\n The access token expired', 'reason': None, 'headers': {'www-authenticate': 'Bearer realm="spotify", error="invalid_token", error_description="The access token expired"', 'access-control-allow-origin': '*', 'access-control-allow-headers': 'Accept, App-Platform, Authorization, Content-Type, Origin, Retry-After, Spotify-App-Version, X-Cloud-Trace-Context, client-token, content-access-token', 'access-control-allow-methods': 'GET, POST, OPTIONS, PUT, DELETE, PATCH', 'access-control-allow-credentials': 'true', 'access-control-max-age': '604800', 'content-type': 'application/json', 'content-encoding': 'gzip', 'strict-transport-security': 'max-age=31536000', 'x-content-type-options': 'nosniff', 'date': 'Mon, 03 Mar 2025 00:00:14 GMT', 'server': 'envoy', 'Via': 'HTTP/2 edgeproxy, 1.1 google', 'Alt-Svc': 'h3=":443"; ma=2592000,h3-29=":443"; ma=2592000', 'Transfer-Encoding': 'chunked'}}
[2025-03-03 00:00:14,816] ERROR in tasks: Error processing user rj175: list indices must be integers or slices, not str
[2025-03-03 00:00:14,816] ERROR in tasks: Traceback: Traceback (most recent call last):
  File "/Users/richard/repos/github.com/systemsmystery/spotify-twitch/app/tasks.py", line 32, in refresh_all_tokens
    success = user.refresh_twitch_token(
              ^^^^^^^^^^^^^^^^^^^^^^^^^^
  File "/Users/richard/repos/github.com/systemsmystery/spotify-twitch/app/models.py", line 145, in refresh_twitch_token
    twitch_user_id = user_data['id']
                     ~~~~~~~~~^^^^^^
TypeError: list indices must be integers or slices, not str

[2025-03-03 00:00:14,822] INFO in tasks: Completed token refresh at 2025-03-03 00:00:14.822358
[2025-03-03 00:00:15,670] ERROR in tasks: Error processing user rj175: list indices must be integers or slices, not str
[2025-03-03 00:00:15,671] ERROR in tasks: Traceback: Traceback (most recent call last):
  File "/Users/richard/repos/github.com/systemsmystery/spotify-twitch/app/tasks.py", line 32, in refresh_all_tokens
    success = user.refresh_twitch_token(
              ^^^^^^^^^^^^^^^^^^^^^^^^^^
  File "/Users/richard/repos/github.com/systemsmystery/spotify-twitch/app/models.py", line 145, in refresh_twitch_token
    twitch_user_id = user_data['id']
                     ~~~~~~~~~^^^^^^
TypeError: list indices must be integers or slices, not str

[2025-03-03 00:00:15,674] INFO in tasks: Completed token refresh at 2025-03-03 00:00:15.674512
[2025-03-03 00:01:12,801] INFO in tasks: Starting token refresh at 2025-03-03 00:01:12.801820
[2025-03-03 00:01:12,802] INFO in tasks: Starting current song check at 2025-03-03 00:01:12.802580
[2025-03-03 00:01:12,912] INFO in models: Starting token refresh for user rj175
[2025-03-03 00:01:12,961] INFO in tasks: Decrypted token for user rj175: True
[2025-03-03 00:01:13,129] ERROR in tasks: Spotify API error for user rj175: http status: 401, code: -1 - https://api.spotify.com/v1/me/player/currently-playing:
 The access token expired, reason: None
[2025-03-03 00:01:13,129] ERROR in tasks: Error type: <class 'spotipy.exceptions.SpotifyException'>
[2025-03-03 00:01:13,130] ERROR in tasks: Error details: {'http_status': 401, 'code': -1, 'msg': 'https://api.spotify.com/v1/me/player/currently-playing:\n The access token expired', 'reason': None, 'headers': {'www-authenticate': 'Bearer realm="spotify", error="invalid_token", error_description="The access token expired"', 'access-control-allow-origin': '*', 'access-control-allow-headers': 'Accept, App-Platform, Authorization, Content-Type, Origin, Retry-After, Spotify-App-Version, X-Cloud-Trace-Context, client-token, content-access-token', 'access-control-allow-methods': 'GET, POST, OPTIONS, PUT, DELETE, PATCH', 'access-control-allow-credentials': 'true', 'access-control-max-age': '604800', 'content-type': 'application/json', 'content-encoding': 'gzip', 'strict-transport-security': 'max-age=31536000', 'x-content-type-options': 'nosniff', 'date': 'Mon, 03 Mar 2025 00:01:13 GMT', 'server': 'envoy', 'Via': 'HTTP/2 edgeproxy, 1.1 google', 'Alt-Svc': 'h3=":443"; ma=2592000,h3-29=":443"; ma=2592000', 'Transfer-Encoding': 'chunked'}}
[2025-03-03 00:01:13,141] INFO in models: Token refresh successful for user rj175
[2025-03-03 00:01:13,143] INFO in tasks: Refreshed Spotify token for user rj175
[2025-03-03 00:01:14,096] INFO in tasks: Starting token refresh at 2025-03-03 00:01:14.096507
[2025-03-03 00:01:14,096] INFO in tasks: Starting current song check at 2025-03-03 00:01:14.096764
[2025-03-03 00:01:14,200] INFO in models: Starting token refresh for user rj175
[2025-03-03 00:01:14,235] INFO in tasks: Decrypted token for user rj175: True
[2025-03-03 00:01:14,306] INFO in models: Token refresh successful for user rj175
[2025-03-03 00:01:14,308] INFO in tasks: Refreshed Spotify token for user rj175
[2025-03-03 00:01:14,338] ERROR in tasks: Spotify API error for user rj175: http status: 401, code: -1 - https://api.spotify.com/v1/me/player/currently-playing:
 The access token expired, reason: None
[2025-03-03 00:01:14,338] ERROR in tasks: Error type: <class 'spotipy.exceptions.SpotifyException'>
[2025-03-03 00:01:14,339] ERROR in tasks: Error details: {'http_status': 401, 'code': -1, 'msg': 'https://api.spotify.com/v1/me/player/currently-playing:\n The access token expired', 'reason': None, 'headers': {'www-authenticate': 'Bearer realm="spotify", error="invalid_token", error_description="The access token expired"', 'access-control-allow-origin': '*', 'access-control-allow-headers': 'Accept, App-Platform, Authorization, Content-Type, Origin, Retry-After, Spotify-App-Version, X-Cloud-Trace-Context, client-token, content-access-token', 'access-control-allow-methods': 'GET, POST, OPTIONS, PUT, DELETE, PATCH', 'access-control-allow-credentials': 'true', 'access-control-max-age': '604800', 'content-type': 'application/json', 'content-encoding': 'gzip', 'strict-transport-security': 'max-age=31536000', 'x-content-type-options': 'nosniff', 'date': 'Mon, 03 Mar 2025 00:01:14 GMT', 'server': 'envoy', 'Via': 'HTTP/2 edgeproxy, 1.1 google', 'Alt-Svc': 'h3=":443"; ma=2592000,h3-29=":443"; ma=2592000', 'Transfer-Encoding': 'chunked'}}
[2025-03-03 00:01:14,637] ERROR in tasks: Error processing user rj175: list indices must be integers or slices, not str
[2025-03-03 00:01:14,638] ERROR in tasks: Traceback: Traceback (most recent call last):
  File "/Users/richard/repos/github.com/systemsmystery/spotify-twitch/app/tasks.py", line 32, in refresh_all_tokens
    success = user.refresh_twitch_token(
              ^^^^^^^^^^^^^^^^^^^^^^^^^^
  File "/Users/richard/repos/github.com/systemsmystery/spotify-twitch/app/models.py", line 145, in refresh_twitch_token
    twitch_user_id = user_data['id']
                     ~~~~~~~~~^^^^^^
TypeError: list indices must be integers or slices, not str

[2025-03-03 00:01:14,638] INFO in tasks: Completed token refresh at 2025-03-03 00:01:14.638501
[2025-03-03 00:01:15,559] ERROR in tasks: Error processing user rj175: list indices must be integers or slices, not str
[2025-03-03 00:01:15,559] ERROR in tasks: Traceback: Traceback (most recent call last):
  File "/Users/richard/repos/github.com/systemsmystery/spotify-twitch/app/tasks.py", line 32, in refresh_all_tokens
    success = user.refresh_twitch_token(
              ^^^^^^^^^^^^^^^^^^^^^^^^^^
  File "/Users/richard/repos/github.com/systemsmystery/spotify-twitch/app/models.py", line 145, in refresh_twitch_token
    twitch_user_id = user_data['id']
                     ~~~~~~~~~^^^^^^
TypeError: list indices must be integers or slices, not str

[2025-03-03 00:01:15,560] INFO in tasks: Completed token refresh at 2025-03-03 00:01:15.560071
[2025-03-03 00:01:17,669] INFO in _internal:  * Detected change in '/Users/richard/repos/github.com/systemsmystery/spotify-twitch/app/models.py', reloading
[2025-03-03 00:01:17,721] INFO in _internal:  * Restarting with stat
[2025-03-03 00:01:18,047] INFO in __init__: Application Starting
[2025-03-03 00:01:18,973] WARNING in _internal:  * Debugger is active!
[2025-03-03 00:01:18,978] INFO in _internal:  * Debugger PIN: 115-837-770
[2025-03-03 00:01:29,178] INFO in _internal:  * Detected change in '/Users/richard/repos/github.com/systemsmystery/spotify-twitch/app/models.py', reloading
[2025-03-03 00:01:29,235] INFO in _internal:  * Restarting with stat
[2025-03-03 00:01:29,565] INFO in __init__: Application Starting
[2025-03-03 00:01:30,466] WARNING in _internal:  * Debugger is active!
[2025-03-03 00:01:30,471] INFO in _internal:  * Debugger PIN: 115-837-770
[2025-03-03 00:02:12,800] INFO in tasks: Starting token refresh at 2025-03-03 00:02:12.800318
[2025-03-03 00:02:12,800] INFO in tasks: Starting current song check at 2025-03-03 00:02:12.800814
[2025-03-03 00:02:12,916] INFO in models: Starting token refresh for user rj175
[2025-03-03 00:02:12,950] INFO in tasks: Decrypted token for user rj175: True
[2025-03-03 00:02:13,056] ERROR in tasks: Spotify API error for user rj175: http status: 401, code: -1 - https://api.spotify.com/v1/me/player/currently-playing:
 The access token expired, reason: None
[2025-03-03 00:02:13,057] ERROR in tasks: Error type: <class 'spotipy.exceptions.SpotifyException'>
[2025-03-03 00:02:13,058] ERROR in tasks: Error details: {'http_status': 401, 'code': -1, 'msg': 'https://api.spotify.com/v1/me/player/currently-playing:\n The access token expired', 'reason': None, 'headers': {'www-authenticate': 'Bearer realm="spotify", error="invalid_token", error_description="The access token expired"', 'access-control-allow-origin': '*', 'access-control-allow-headers': 'Accept, App-Platform, Authorization, Content-Type, Origin, Retry-After, Spotify-App-Version, X-Cloud-Trace-Context, client-token, content-access-token', 'access-control-allow-methods': 'GET, POST, OPTIONS, PUT, DELETE, PATCH', 'access-control-allow-credentials': 'true', 'access-control-max-age': '604800', 'content-type': 'application/json', 'content-encoding': 'gzip', 'strict-transport-security': 'max-age=31536000', 'x-content-type-options': 'nosniff', 'date': 'Mon, 03 Mar 2025 00:02:12 GMT', 'server': 'envoy', 'Via': 'HTTP/2 edgeproxy, 1.1 google', 'Alt-Svc': 'h3=":443"; ma=2592000,h3-29=":443"; ma=2592000', 'Transfer-Encoding': 'chunked'}}
[2025-03-03 00:02:13,076] INFO in models: Token refresh successful for user rj175
[2025-03-03 00:02:13,078] INFO in tasks: Refreshed Spotify token for user rj175
[2025-03-03 00:02:14,369] ERROR in tasks: Error processing user rj175: list indices must be integers or slices, not str
[2025-03-03 00:02:14,369] ERROR in tasks: Traceback: Traceback (most recent call last):
  File "/Users/richard/repos/github.com/systemsmystery/spotify-twitch/app/tasks.py", line 32, in refresh_all_tokens
    success = user.refresh_twitch_token(
              ^^^^^^^^^^^^^^^^^^^^^^^^^^
  File "/Users/richard/repos/github.com/systemsmystery/spotify-twitch/app/models.py", line 145, in refresh_twitch_token
    user_data = user_response.json()['data']
                     ^^^^^^^^^^^^^^^
TypeError: list indices must be integers or slices, not str

[2025-03-03 00:02:14,373] INFO in tasks: Completed token refresh at 2025-03-03 00:02:14.373141
[2025-03-03 00:02:30,453] INFO in tasks: Starting token refresh at 2025-03-03 00:02:30.453605
[2025-03-03 00:02:30,454] INFO in tasks: Starting current song check at 2025-03-03 00:02:30.454811
[2025-03-03 00:02:30,589] INFO in models: Starting token refresh for user rj175
[2025-03-03 00:02:30,749] INFO in models: Token refresh successful for user rj175
[2025-03-03 00:02:30,751] INFO in tasks: Refreshed Spotify token for user rj175
[2025-03-03 00:02:30,988] INFO in tasks: Decrypted token for user rj175: True
[2025-03-03 00:02:31,085] ERROR in tasks: Spotify API error for user rj175: http status: 401, code: -1 - https://api.spotify.com/v1/me/player/currently-playing:
 The access token expired, reason: None
[2025-03-03 00:02:31,086] ERROR in tasks: Error type: <class 'spotipy.exceptions.SpotifyException'>
[2025-03-03 00:02:31,086] ERROR in tasks: Error details: {'http_status': 401, 'code': -1, 'msg': 'https://api.spotify.com/v1/me/player/currently-playing:\n The access token expired', 'reason': None, 'headers': {'www-authenticate': 'Bearer realm="spotify", error="invalid_token", error_description="The access token expired"', 'access-control-allow-origin': '*', 'access-control-allow-headers': 'Accept, App-Platform, Authorization, Content-Type, Origin, Retry-After, Spotify-App-Version, X-Cloud-Trace-Context, client-token, content-access-token', 'access-control-allow-methods': 'GET, POST, OPTIONS, PUT, DELETE, PATCH', 'access-control-allow-credentials': 'true', 'access-control-max-age': '604800', 'content-type': 'application/json', 'content-encoding': 'gzip', 'strict-transport-security': 'max-age=31536000', 'x-content-type-options': 'nosniff', 'date': 'Mon, 03 Mar 2025 00:02:30 GMT', 'server': 'envoy', 'Via': 'HTTP/2 edgeproxy, 1.1 google', 'Alt-Svc': 'h3=":443"; ma=2592000,h3-29=":443"; ma=2592000', 'Transfer-Encoding': 'chunked'}}
[2025-03-03 00:02:32,211] INFO in models: {'data': [{'id': '501983788', 'login': 'ohheyrj90', 'display_name': 'ohheyrj90', 'type': '', 'broadcaster_type': '', 'description': '', 'profile_image_url': 'https://static-cdn.jtvnw.net/user-default-pictures-uv/ce57700a-def9-11e9-842d-784f43822e80-profile_image-300x300.png', 'offline_image_url': '', 'view_count': 0, 'created_at': '2020-03-21T19:26:19Z'}]}
[2025-03-03 00:02:32,733] ERROR in tasks: Error processing user rj175: list indices must be integers or slices, not str
[2025-03-03 00:02:32,733] ERROR in tasks: Traceback: Traceback (most recent call last):
  File "/Users/richard/repos/github.com/systemsmystery/spotify-twitch/app/tasks.py", line 32, in refresh_all_tokens
    success = user.refresh_twitch_token(
              ^^^^^^^^^^^^^^^^^^^^^^^^^^
  File "/Users/richard/repos/github.com/systemsmystery/spotify-twitch/app/models.py", line 146, in refresh_twitch_token
    twitch_user_id = user_data['id']
                     ~~~~~~~~~^^^^^^
TypeError: list indices must be integers or slices, not str

[2025-03-03 00:02:32,735] INFO in tasks: Completed token refresh at 2025-03-03 00:02:32.735883
[2025-03-03 00:03:12,797] INFO in tasks: Starting token refresh at 2025-03-03 00:03:12.797051
[2025-03-03 00:03:12,797] INFO in tasks: Starting current song check at 2025-03-03 00:03:12.797635
[2025-03-03 00:03:12,915] INFO in models: Starting token refresh for user rj175
[2025-03-03 00:03:12,953] INFO in tasks: Decrypted token for user rj175: True
[2025-03-03 00:03:13,069] INFO in models: Token refresh successful for user rj175
[2025-03-03 00:03:13,072] INFO in tasks: Refreshed Spotify token for user rj175
[2025-03-03 00:03:13,076] ERROR in tasks: Spotify API error for user rj175: http status: 401, code: -1 - https://api.spotify.com/v1/me/player/currently-playing:
 The access token expired, reason: None
[2025-03-03 00:03:13,077] ERROR in tasks: Error type: <class 'spotipy.exceptions.SpotifyException'>
[2025-03-03 00:03:13,077] ERROR in tasks: Error details: {'http_status': 401, 'code': -1, 'msg': 'https://api.spotify.com/v1/me/player/currently-playing:\n The access token expired', 'reason': None, 'headers': {'www-authenticate': 'Bearer realm="spotify", error="invalid_token", error_description="The access token expired"', 'access-control-allow-origin': '*', 'access-control-allow-headers': 'Accept, App-Platform, Authorization, Content-Type, Origin, Retry-After, Spotify-App-Version, X-Cloud-Trace-Context, client-token, content-access-token', 'access-control-allow-methods': 'GET, POST, OPTIONS, PUT, DELETE, PATCH', 'access-control-allow-credentials': 'true', 'access-control-max-age': '604800', 'content-type': 'application/json', 'content-encoding': 'gzip', 'strict-transport-security': 'max-age=31536000', 'x-content-type-options': 'nosniff', 'date': 'Mon, 03 Mar 2025 00:03:13 GMT', 'server': 'envoy', 'Via': 'HTTP/2 edgeproxy, 1.1 google', 'Alt-Svc': 'h3=":443"; ma=2592000,h3-29=":443"; ma=2592000', 'Transfer-Encoding': 'chunked'}}
[2025-03-03 00:03:14,622] ERROR in tasks: Error processing user rj175: list indices must be integers or slices, not str
[2025-03-03 00:03:14,622] ERROR in tasks: Traceback: Traceback (most recent call last):
  File "/Users/richard/repos/github.com/systemsmystery/spotify-twitch/app/tasks.py", line 32, in refresh_all_tokens
    success = user.refresh_twitch_token(
              ^^^^^^^^^^^^^^^^^^^^^^^^^^
  File "/Users/richard/repos/github.com/systemsmystery/spotify-twitch/app/models.py", line 145, in refresh_twitch_token
    user_data = user_response.json()['data']
                     ^^^^^^^^^^^^^^^
TypeError: list indices must be integers or slices, not str

[2025-03-03 00:03:14,622] INFO in tasks: Completed token refresh at 2025-03-03 00:03:14.622630
[2025-03-03 00:03:30,449] INFO in tasks: Starting token refresh at 2025-03-03 00:03:30.449415
[2025-03-03 00:03:30,449] INFO in tasks: Starting current song check at 2025-03-03 00:03:30.449623
[2025-03-03 00:03:30,781] INFO in models: Starting token refresh for user rj175
[2025-03-03 00:03:30,812] INFO in tasks: Decrypted token for user rj175: True
[2025-03-03 00:03:31,134] INFO in models: Token refresh successful for user rj175
[2025-03-03 00:03:31,136] INFO in tasks: Refreshed Spotify token for user rj175
[2025-03-03 00:03:31,156] ERROR in tasks: Spotify API error for user rj175: http status: 401, code: -1 - https://api.spotify.com/v1/me/player/currently-playing:
 The access token expired, reason: None
[2025-03-03 00:03:31,157] ERROR in tasks: Error type: <class 'spotipy.exceptions.SpotifyException'>
[2025-03-03 00:03:31,157] ERROR in tasks: Error details: {'http_status': 401, 'code': -1, 'msg': 'https://api.spotify.com/v1/me/player/currently-playing:\n The access token expired', 'reason': None, 'headers': {'www-authenticate': 'Bearer realm="spotify", error="invalid_token", error_description="The access token expired"', 'access-control-allow-origin': '*', 'access-control-allow-headers': 'Accept, App-Platform, Authorization, Content-Type, Origin, Retry-After, Spotify-App-Version, X-Cloud-Trace-Context, client-token, content-access-token', 'access-control-allow-methods': 'GET, POST, OPTIONS, PUT, DELETE, PATCH', 'access-control-allow-credentials': 'true', 'access-control-max-age': '604800', 'content-type': 'application/json', 'content-encoding': 'gzip', 'strict-transport-security': 'max-age=31536000', 'x-content-type-options': 'nosniff', 'date': 'Mon, 03 Mar 2025 00:03:31 GMT', 'server': 'envoy', 'Via': 'HTTP/2 edgeproxy, 1.1 google', 'Alt-Svc': 'h3=":443"; ma=2592000,h3-29=":443"; ma=2592000', 'Transfer-Encoding': 'chunked'}}
[2025-03-03 00:03:32,489] INFO in models: {'data': [{'id': '501983788', 'login': 'ohheyrj90', 'display_name': 'ohheyrj90', 'type': '', 'broadcaster_type': '', 'description': '', 'profile_image_url': 'https://static-cdn.jtvnw.net/user-default-pictures-uv/ce57700a-def9-11e9-842d-784f43822e80-profile_image-300x300.png', 'offline_image_url': '', 'view_count': 0, 'created_at': '2020-03-21T19:26:19Z'}]}
[2025-03-03 00:03:32,742] ERROR in tasks: Error processing user rj175: list indices must be integers or slices, not str
[2025-03-03 00:03:32,743] ERROR in tasks: Traceback: Traceback (most recent call last):
  File "/Users/richard/repos/github.com/systemsmystery/spotify-twitch/app/tasks.py", line 32, in refresh_all_tokens
    success = user.refresh_twitch_token(
              ^^^^^^^^^^^^^^^^^^^^^^^^^^
  File "/Users/richard/repos/github.com/systemsmystery/spotify-twitch/app/models.py", line 146, in refresh_twitch_token
    twitch_user_id = user_data['id']
                     ~~~~~~~~~^^^^^^
TypeError: list indices must be integers or slices, not str

[2025-03-03 00:03:32,749] INFO in tasks: Completed token refresh at 2025-03-03 00:03:32.749935
[2025-03-03 00:03:34,853] INFO in _internal:  * Detected change in '/Users/richard/repos/github.com/systemsmystery/spotify-twitch/app/models.py', reloading
[2025-03-03 00:03:34,926] INFO in _internal:  * Restarting with stat
[2025-03-03 00:03:35,259] INFO in __init__: Application Starting
[2025-03-03 00:03:36,192] WARNING in _internal:  * Debugger is active!
[2025-03-03 00:03:36,198] INFO in _internal:  * Debugger PIN: 115-837-770
[2025-03-03 00:03:49,423] INFO in _internal:  * Detected change in '/Users/richard/repos/github.com/systemsmystery/spotify-twitch/app/models.py', reloading
[2025-03-03 00:03:49,485] INFO in _internal:  * Restarting with stat
[2025-03-03 00:04:21,678] INFO in __init__: Application Starting
[2025-03-03 00:04:22,566] INFO in _internal: [31m[1mWARNING: This is a development server. Do not use it in a production deployment. Use a production WSGI server instead.[0m
 * Running on http://127.0.0.1:5000
[2025-03-03 00:04:22,566] INFO in _internal: [33mPress CTRL+C to quit[0m
[2025-03-03 00:04:22,567] INFO in _internal:  * Restarting with stat
[2025-03-03 00:04:22,885] INFO in __init__: Application Starting
[2025-03-03 00:04:23,860] WARNING in _internal:  * Debugger is active!
[2025-03-03 00:04:23,866] INFO in _internal:  * Debugger PIN: 115-837-770
[2025-03-03 00:05:22,555] INFO in tasks: Starting token refresh at 2025-03-03 00:05:22.555421
[2025-03-03 00:05:22,564] INFO in tasks: Starting current song check at 2025-03-03 00:05:22.564660
[2025-03-03 00:05:22,650] INFO in models: Starting token refresh for user rj175
[2025-03-03 00:05:22,853] INFO in models: Token refresh successful for user rj175
[2025-03-03 00:05:22,854] INFO in tasks: Refreshed Spotify token for user rj175
[2025-03-03 00:05:23,068] INFO in tasks: Decrypted token for user rj175: True
[2025-03-03 00:05:23,222] ERROR in tasks: Spotify API error for user rj175: http status: 401, code: -1 - https://api.spotify.com/v1/me/player/currently-playing:
 The access token expired, reason: None
[2025-03-03 00:05:23,223] ERROR in tasks: Error type: <class 'spotipy.exceptions.SpotifyException'>
[2025-03-03 00:05:23,223] ERROR in tasks: Error details: {'http_status': 401, 'code': -1, 'msg': 'https://api.spotify.com/v1/me/player/currently-playing:\n The access token expired', 'reason': None, 'headers': {'www-authenticate': 'Bearer realm="spotify", error="invalid_token", error_description="The access token expired"', 'access-control-allow-origin': '*', 'access-control-allow-headers': 'Accept, App-Platform, Authorization, Content-Type, Origin, Retry-After, Spotify-App-Version, X-Cloud-Trace-Context, client-token, content-access-token', 'access-control-allow-methods': 'GET, POST, OPTIONS, PUT, DELETE, PATCH', 'access-control-allow-credentials': 'true', 'access-control-max-age': '604800', 'content-type': 'application/json', 'content-encoding': 'gzip', 'strict-transport-security': 'max-age=31536000', 'x-content-type-options': 'nosniff', 'date': 'Mon, 03 Mar 2025 00:05:23 GMT', 'server': 'envoy', 'Via': 'HTTP/2 edgeproxy, 1.1 google', 'Alt-Svc': 'h3=":443"; ma=2592000,h3-29=":443"; ma=2592000', 'Transfer-Encoding': 'chunked'}}
[2025-03-03 00:05:23,850] INFO in tasks: Starting token refresh at 2025-03-03 00:05:23.850108
[2025-03-03 00:05:23,850] INFO in tasks: Starting current song check at 2025-03-03 00:05:23.850627
[2025-03-03 00:05:23,910] INFO in models: Token data: {'access_token': 'tu1220akt63agqpl2bu50t71s18x6p', 'expires_in': 14967, 'refresh_token': 'q30oo6qmswdk9tonqxb9h1gefq27qlyjbrk63pck3wn1vdzb0u', 'scope': ['chat:edit', 'chat:read', 'user:read:moderated_channels'], 'token_type': 'bearer'}
[2025-03-03 00:05:24,148] INFO in models: User Response: {'data': [{'id': '501983788', 'login': 'ohheyrj90', 'display_name': 'ohheyrj90', 'type': '', 'broadcaster_type': '', 'description': '', 'profile_image_url': 'https://static-cdn.jtvnw.net/user-default-pictures-uv/ce57700a-def9-11e9-842d-784f43822e80-profile_image-300x300.png', 'offline_image_url': '', 'view_count': 0, 'created_at': '2020-03-21T19:26:19Z'}]}
[2025-03-03 00:05:24,290] INFO in models: Starting token refresh for user rj175
[2025-03-03 00:05:24,291] INFO in tasks: Decrypted token for user rj175: True
[2025-03-03 00:05:24,313] ERROR in tasks: Error processing user rj175: list indices must be integers or slices, not str
[2025-03-03 00:05:24,313] ERROR in tasks: Traceback: Traceback (most recent call last):
  File "/Users/richard/repos/github.com/systemsmystery/spotify-twitch/app/tasks.py", line 32, in refresh_all_tokens
    success = user.refresh_twitch_token(
              ^^^^^^^^^^^^^^^^^^^^^^^^^^
  File "/Users/richard/repos/github.com/systemsmystery/spotify-twitch/app/models.py", line 146, in refresh_twitch_token
    twitch_user_id = user_data['id']
                     ~~~~~~~~~^^^^^^
TypeError: list indices must be integers or slices, not str

[2025-03-03 00:05:24,317] INFO in tasks: Completed token refresh at 2025-03-03 00:05:24.317404
[2025-03-03 00:05:24,388] ERROR in tasks: Spotify API error for user rj175: http status: 401, code: -1 - https://api.spotify.com/v1/me/player/currently-playing:
 The access token expired, reason: None
[2025-03-03 00:05:24,394] ERROR in tasks: Error type: <class 'spotipy.exceptions.SpotifyException'>
[2025-03-03 00:05:24,397] ERROR in tasks: Error details: {'http_status': 401, 'code': -1, 'msg': 'https://api.spotify.com/v1/me/player/currently-playing:\n The access token expired', 'reason': None, 'headers': {'www-authenticate': 'Bearer realm="spotify", error="invalid_token", error_description="The access token expired"', 'access-control-allow-origin': '*', 'access-control-allow-headers': 'Accept, App-Platform, Authorization, Content-Type, Origin, Retry-After, Spotify-App-Version, X-Cloud-Trace-Context, client-token, content-access-token', 'access-control-allow-methods': 'GET, POST, OPTIONS, PUT, DELETE, PATCH', 'access-control-allow-credentials': 'true', 'access-control-max-age': '604800', 'content-type': 'application/json', 'content-encoding': 'gzip', 'strict-transport-security': 'max-age=31536000', 'x-content-type-options': 'nosniff', 'date': 'Mon, 03 Mar 2025 00:05:24 GMT', 'server': 'envoy', 'Via': 'HTTP/2 edgeproxy, 1.1 google', 'Alt-Svc': 'h3=":443"; ma=2592000,h3-29=":443"; ma=2592000', 'Transfer-Encoding': 'chunked'}}
[2025-03-03 00:05:24,406] INFO in models: Token refresh successful for user rj175
[2025-03-03 00:05:24,408] INFO in tasks: Refreshed Spotify token for user rj175
[2025-03-03 00:05:25,280] INFO in models: Token data: {'access_token': 'dswn0px7deq62n26hxc8skq9m0kgav', 'expires_in': 14001, 'refresh_token': 'q30oo6qmswdk9tonqxb9h1gefq27qlyjbrk63pck3wn1vdzb0u', 'scope': ['chat:edit', 'chat:read', 'user:read:moderated_channels'], 'token_type': 'bearer'}
[2025-03-03 00:05:26,051] INFO in models: User Response: {'data': [{'id': '501983788', 'login': 'ohheyrj90', 'display_name': 'ohheyrj90', 'type': '', 'broadcaster_type': '', 'description': '', 'profile_image_url': 'https://static-cdn.jtvnw.net/user-default-pictures-uv/ce57700a-def9-11e9-842d-784f43822e80-profile_image-300x300.png', 'offline_image_url': '', 'view_count': 0, 'created_at': '2020-03-21T19:26:19Z'}]}
[2025-03-03 00:05:26,405] ERROR in tasks: Error processing user rj175: list indices must be integers or slices, not str
[2025-03-03 00:05:26,405] ERROR in tasks: Traceback: Traceback (most recent call last):
  File "/Users/richard/repos/github.com/systemsmystery/spotify-twitch/app/tasks.py", line 32, in refresh_all_tokens
    success = user.refresh_twitch_token(
              ^^^^^^^^^^^^^^^^^^^^^^^^^^
  File "/Users/richard/repos/github.com/systemsmystery/spotify-twitch/app/models.py", line 146, in refresh_twitch_token
    twitch_user_id = user_data['id']
                     ~~~~~~~~~^^^^^^
TypeError: list indices must be integers or slices, not str

[2025-03-03 00:05:26,405] INFO in tasks: Completed token refresh at 2025-03-03 00:05:26.405700
[2025-03-03 00:06:01,077] INFO in _internal:  * Detected change in '/Users/richard/repos/github.com/systemsmystery/spotify-twitch/app/models.py', reloading
[2025-03-03 00:06:01,148] INFO in _internal:  * Restarting with stat
[2025-03-03 00:06:01,516] INFO in __init__: Application Starting
[2025-03-03 00:06:02,474] WARNING in _internal:  * Debugger is active!
[2025-03-03 00:06:02,479] INFO in _internal:  * Debugger PIN: 115-837-770
[2025-03-03 00:06:11,623] INFO in _internal:  * Detected change in '/Users/richard/repos/github.com/systemsmystery/spotify-twitch/app/models.py', reloading
[2025-03-03 00:06:11,684] INFO in _internal:  * Restarting with stat
[2025-03-03 00:06:12,022] INFO in __init__: Application Starting
[2025-03-03 00:06:12,911] WARNING in _internal:  * Debugger is active!
[2025-03-03 00:06:12,916] INFO in _internal:  * Debugger PIN: 115-837-770
[2025-03-03 00:06:22,630] INFO in tasks: Starting token refresh at 2025-03-03 00:06:22.630265
[2025-03-03 00:06:22,630] INFO in tasks: Starting current song check at 2025-03-03 00:06:22.630755
[2025-03-03 00:06:22,750] INFO in models: Starting token refresh for user rj175
[2025-03-03 00:06:22,788] INFO in tasks: Decrypted token for user rj175: True
[2025-03-03 00:06:22,902] INFO in models: Token refresh successful for user rj175
[2025-03-03 00:06:22,903] INFO in tasks: Refreshed Spotify token for user rj175
[2025-03-03 00:06:22,937] ERROR in tasks: Spotify API error for user rj175: http status: 401, code: -1 - https://api.spotify.com/v1/me/player/currently-playing:
 The access token expired, reason: None
[2025-03-03 00:06:22,937] ERROR in tasks: Error type: <class 'spotipy.exceptions.SpotifyException'>
[2025-03-03 00:06:22,937] ERROR in tasks: Error details: {'http_status': 401, 'code': -1, 'msg': 'https://api.spotify.com/v1/me/player/currently-playing:\n The access token expired', 'reason': None, 'headers': {'www-authenticate': 'Bearer realm="spotify", error="invalid_token", error_description="The access token expired"', 'access-control-allow-origin': '*', 'access-control-allow-headers': 'Accept, App-Platform, Authorization, Content-Type, Origin, Retry-After, Spotify-App-Version, X-Cloud-Trace-Context, client-token, content-access-token', 'access-control-allow-methods': 'GET, POST, OPTIONS, PUT, DELETE, PATCH', 'access-control-allow-credentials': 'true', 'access-control-max-age': '604800', 'content-type': 'application/json', 'content-encoding': 'gzip', 'strict-transport-security': 'max-age=31536000', 'x-content-type-options': 'nosniff', 'date': 'Mon, 03 Mar 2025 00:06:22 GMT', 'server': 'envoy', 'Via': 'HTTP/2 edgeproxy, 1.1 google', 'Alt-Svc': 'h3=":443"; ma=2592000,h3-29=":443"; ma=2592000', 'Transfer-Encoding': 'chunked'}}
[2025-03-03 00:06:23,951] INFO in models: Token data: {'access_token': 'tj8zqs0n1010b5iamw3wyjvibqwj11', 'expires_in': 14117, 'refresh_token': 'q30oo6qmswdk9tonqxb9h1gefq27qlyjbrk63pck3wn1vdzb0u', 'scope': ['chat:edit', 'chat:read', 'user:read:moderated_channels'], 'token_type': 'bearer'}
[2025-03-03 00:06:24,603] INFO in models: User Response: {'data': [{'id': '501983788', 'login': 'ohheyrj90', 'display_name': 'ohheyrj90', 'type': '', 'broadcaster_type': '', 'description': '', 'profile_image_url': 'https://static-cdn.jtvnw.net/user-default-pictures-uv/ce57700a-def9-11e9-842d-784f43822e80-profile_image-300x300.png', 'offline_image_url': '', 'view_count': 0, 'created_at': '2020-03-21T19:26:19Z'}]}
[2025-03-03 00:06:24,953] ERROR in tasks: Error processing user rj175: list indices must be integers or slices, not str
[2025-03-03 00:06:24,953] ERROR in tasks: Traceback: Traceback (most recent call last):
  File "/Users/richard/repos/github.com/systemsmystery/spotify-twitch/app/tasks.py", line 32, in refresh_all_tokens
    success = user.refresh_twitch_token(
              ^^^^^^^^^^^^^^^^^^^^^^^^^^
  File "/Users/richard/repos/github.com/systemsmystery/spotify-twitch/app/models.py", line 146, in refresh_twitch_token
    twitch_user_id = user_data['id']
                     ~~~~~~~~~^^^^^^
TypeError: list indices must be integers or slices, not str

[2025-03-03 00:06:24,954] INFO in tasks: Completed token refresh at 2025-03-03 00:06:24.954095
[2025-03-03 00:07:12,898] INFO in tasks: Starting token refresh at 2025-03-03 00:07:12.898439
[2025-03-03 00:07:12,942] INFO in tasks: Starting current song check at 2025-03-03 00:07:12.942858
[2025-03-03 00:07:12,977] INFO in models: Starting token refresh for user rj175
[2025-03-03 00:07:13,136] INFO in models: Token refresh successful for user rj175
[2025-03-03 00:07:13,136] INFO in tasks: Refreshed Spotify token for user rj175
[2025-03-03 00:07:13,349] INFO in tasks: Decrypted token for user rj175: True
[2025-03-03 00:07:13,510] ERROR in tasks: Spotify API error for user rj175: http status: 401, code: -1 - https://api.spotify.com/v1/me/player/currently-playing:
 The access token expired, reason: None
[2025-03-03 00:07:13,510] ERROR in tasks: Error type: <class 'spotipy.exceptions.SpotifyException'>
[2025-03-03 00:07:13,511] ERROR in tasks: Error details: {'http_status': 401, 'code': -1, 'msg': 'https://api.spotify.com/v1/me/player/currently-playing:\n The access token expired', 'reason': None, 'headers': {'www-authenticate': 'Bearer realm="spotify", error="invalid_token", error_description="The access token expired"', 'access-control-allow-origin': '*', 'access-control-allow-headers': 'Accept, App-Platform, Authorization, Content-Type, Origin, Retry-After, Spotify-App-Version, X-Cloud-Trace-Context, client-token, content-access-token', 'access-control-allow-methods': 'GET, POST, OPTIONS, PUT, DELETE, PATCH', 'access-control-allow-credentials': 'true', 'access-control-max-age': '604800', 'content-type': 'application/json', 'content-encoding': 'gzip', 'strict-transport-security': 'max-age=31536000', 'x-content-type-options': 'nosniff', 'date': 'Mon, 03 Mar 2025 00:07:13 GMT', 'server': 'envoy', 'Via': 'HTTP/2 edgeproxy, 1.1 google', 'Alt-Svc': 'h3=":443"; ma=2592000,h3-29=":443"; ma=2592000', 'Transfer-Encoding': 'chunked'}}
[2025-03-03 00:07:14,751] ERROR in tasks: Error processing user rj175: list indices must be integers or slices, not str
[2025-03-03 00:07:14,752] ERROR in tasks: Traceback: Traceback (most recent call last):
  File "/Users/richard/repos/github.com/systemsmystery/spotify-twitch/app/tasks.py", line 32, in refresh_all_tokens
    success = user.refresh_twitch_token(
              ^^^^^^^^^^^^^^^^^^^^^^^^^^
  File "/Users/richard/repos/github.com/systemsmystery/spotify-twitch/app/models.py", line 146, in refresh_twitch_token
    twitch_user_id = user_data['id']
                     ~~~~~~~~~^^^^^^
TypeError: list indices must be integers or slices, not str

[2025-03-03 00:07:14,753] INFO in tasks: Completed token refresh at 2025-03-03 00:07:14.753569
[2025-03-03 00:07:22,554] INFO in tasks: Starting token refresh at 2025-03-03 00:07:22.554118
[2025-03-03 00:07:22,554] INFO in tasks: Starting current song check at 2025-03-03 00:07:22.554599
[2025-03-03 00:07:22,888] INFO in models: Starting token refresh for user rj175
[2025-03-03 00:07:23,057] INFO in tasks: Decrypted token for user rj175: True
[2025-03-03 00:07:23,230] INFO in models: Token refresh successful for user rj175
[2025-03-03 00:07:23,232] INFO in tasks: Refreshed Spotify token for user rj175
[2025-03-03 00:07:23,497] ERROR in tasks: Spotify API error for user rj175: http status: 401, code: -1 - https://api.spotify.com/v1/me/player/currently-playing:
 The access token expired, reason: None
[2025-03-03 00:07:23,499] ERROR in tasks: Error type: <class 'spotipy.exceptions.SpotifyException'>
[2025-03-03 00:07:23,500] ERROR in tasks: Error details: {'http_status': 401, 'code': -1, 'msg': 'https://api.spotify.com/v1/me/player/currently-playing:\n The access token expired', 'reason': None, 'headers': {'www-authenticate': 'Bearer realm="spotify", error="invalid_token", error_description="The access token expired"', 'access-control-allow-origin': '*', 'access-control-allow-headers': 'Accept, App-Platform, Authorization, Content-Type, Origin, Retry-After, Spotify-App-Version, X-Cloud-Trace-Context, client-token, content-access-token', 'access-control-allow-methods': 'GET, POST, OPTIONS, PUT, DELETE, PATCH', 'access-control-allow-credentials': 'true', 'access-control-max-age': '604800', 'content-type': 'application/json', 'content-encoding': 'gzip', 'strict-transport-security': 'max-age=31536000', 'x-content-type-options': 'nosniff', 'date': 'Mon, 03 Mar 2025 00:07:22 GMT', 'server': 'envoy', 'Via': 'HTTP/2 edgeproxy, 1.1 google', 'Alt-Svc': 'h3=":443"; ma=2592000,h3-29=":443"; ma=2592000', 'Transfer-Encoding': 'chunked'}}
[2025-03-03 00:07:24,254] INFO in models: Token data: {'access_token': 't5gws54vnlcbogit49e47muvtkxqwq', 'expires_in': 14339, 'refresh_token': 'q30oo6qmswdk9tonqxb9h1gefq27qlyjbrk63pck3wn1vdzb0u', 'scope': ['chat:edit', 'chat:read', 'user:read:moderated_channels'], 'token_type': 'bearer'}
[2025-03-03 00:07:24,769] INFO in models: User Response: {'data': [{'id': '501983788', 'login': 'ohheyrj90', 'display_name': 'ohheyrj90', 'type': '', 'broadcaster_type': '', 'description': '', 'profile_image_url': 'https://static-cdn.jtvnw.net/user-default-pictures-uv/ce57700a-def9-11e9-842d-784f43822e80-profile_image-300x300.png', 'offline_image_url': '', 'view_count': 0, 'created_at': '2020-03-21T19:26:19Z'}]}
[2025-03-03 00:07:24,923] ERROR in tasks: Error processing user rj175: list indices must be integers or slices, not str
[2025-03-03 00:07:24,923] ERROR in tasks: Traceback: Traceback (most recent call last):
  File "/Users/richard/repos/github.com/systemsmystery/spotify-twitch/app/tasks.py", line 32, in refresh_all_tokens
    success = user.refresh_twitch_token(
              ^^^^^^^^^^^^^^^^^^^^^^^^^^
  File "/Users/richard/repos/github.com/systemsmystery/spotify-twitch/app/models.py", line 146, in refresh_twitch_token
    twitch_user_id = user_data['id']
                     ~~~~~~~~~^^^^^^
TypeError: list indices must be integers or slices, not str

[2025-03-03 00:07:24,923] INFO in tasks: Completed token refresh at 2025-03-03 00:07:24.923538
[2025-03-03 00:07:26,622] INFO in _internal:  * Detected change in '/Users/richard/repos/github.com/systemsmystery/spotify-twitch/app/models.py', reloading
[2025-03-03 00:07:26,693] INFO in _internal:  * Restarting with stat
[2025-03-03 00:07:27,020] INFO in __init__: Application Starting
[2025-03-03 00:07:28,002] WARNING in _internal:  * Debugger is active!
[2025-03-03 00:07:28,007] INFO in _internal:  * Debugger PIN: 115-837-770
[2025-03-03 00:08:22,555] INFO in tasks: Starting token refresh at 2025-03-03 00:08:22.555132
[2025-03-03 00:08:22,555] INFO in tasks: Starting current song check at 2025-03-03 00:08:22.555583
[2025-03-03 00:08:22,710] INFO in models: Starting token refresh for user rj175
[2025-03-03 00:08:22,711] INFO in tasks: Decrypted token for user rj175: True
[2025-03-03 00:08:22,826] ERROR in tasks: Spotify API error for user rj175: http status: 401, code: -1 - https://api.spotify.com/v1/me/player/currently-playing:
 The access token expired, reason: None
[2025-03-03 00:08:22,827] ERROR in tasks: Error type: <class 'spotipy.exceptions.SpotifyException'>
[2025-03-03 00:08:22,827] ERROR in tasks: Error details: {'http_status': 401, 'code': -1, 'msg': 'https://api.spotify.com/v1/me/player/currently-playing:\n The access token expired', 'reason': None, 'headers': {'www-authenticate': 'Bearer realm="spotify", error="invalid_token", error_description="The access token expired"', 'access-control-allow-origin': '*', 'access-control-allow-headers': 'Accept, App-Platform, Authorization, Content-Type, Origin, Retry-After, Spotify-App-Version, X-Cloud-Trace-Context, client-token, content-access-token', 'access-control-allow-methods': 'GET, POST, OPTIONS, PUT, DELETE, PATCH', 'access-control-allow-credentials': 'true', 'access-control-max-age': '604800', 'content-type': 'application/json', 'content-encoding': 'gzip', 'strict-transport-security': 'max-age=31536000', 'x-content-type-options': 'nosniff', 'date': 'Mon, 03 Mar 2025 00:08:22 GMT', 'server': 'envoy', 'Via': 'HTTP/2 edgeproxy, 1.1 google', 'Alt-Svc': 'h3=":443"; ma=2592000,h3-29=":443"; ma=2592000', 'Transfer-Encoding': 'chunked'}}
[2025-03-03 00:08:22,850] INFO in models: Token refresh successful for user rj175
[2025-03-03 00:08:22,851] INFO in tasks: Refreshed Spotify token for user rj175
[2025-03-03 00:08:23,785] INFO in models: Token data: {'access_token': 'chifd1vs6pnacv1isyrbiyz1e0f0um', 'expires_in': 14094, 'refresh_token': 'q30oo6qmswdk9tonqxb9h1gefq27qlyjbrk63pck3wn1vdzb0u', 'scope': ['chat:edit', 'chat:read', 'user:read:moderated_channels'], 'token_type': 'bearer'}
[2025-03-03 00:08:24,015] INFO in models: User Response: {'data': [{'id': '501983788', 'login': 'ohheyrj90', 'display_name': 'ohheyrj90', 'type': '', 'broadcaster_type': '', 'description': '', 'profile_image_url': 'https://static-cdn.jtvnw.net/user-default-pictures-uv/ce57700a-def9-11e9-842d-784f43822e80-profile_image-300x300.png', 'offline_image_url': '', 'view_count': 0, 'created_at': '2020-03-21T19:26:19Z'}]}
[2025-03-03 00:08:24,161] ERROR in tasks: Error processing user rj175: list indices must be integers or slices, not str
[2025-03-03 00:08:24,161] ERROR in tasks: Traceback: Traceback (most recent call last):
  File "/Users/richard/repos/github.com/systemsmystery/spotify-twitch/app/tasks.py", line 32, in refresh_all_tokens
    success = user.refresh_twitch_token(
              ^^^^^^^^^^^^^^^^^^^^^^^^^^
  File "/Users/richard/repos/github.com/systemsmystery/spotify-twitch/app/models.py", line 146, in refresh_twitch_token
    twitch_user_id = user_data['id']
                     ~~~~~~~~~^^^^^^
TypeError: list indices must be integers or slices, not str

[2025-03-03 00:08:24,162] INFO in tasks: Completed token refresh at 2025-03-03 00:08:24.162566
[2025-03-03 00:08:27,990] INFO in tasks: Starting token refresh at 2025-03-03 00:08:27.990228
[2025-03-03 00:08:28,026] INFO in tasks: Starting current song check at 2025-03-03 00:08:28.026355
[2025-03-03 00:08:28,064] INFO in models: Starting token refresh for user rj175
[2025-03-03 00:08:28,170] INFO in models: Token refresh successful for user rj175
[2025-03-03 00:08:28,171] INFO in tasks: Refreshed Spotify token for user rj175
[2025-03-03 00:08:28,387] INFO in tasks: Decrypted token for user rj175: True
[2025-03-03 00:08:28,496] ERROR in tasks: Spotify API error for user rj175: http status: 401, code: -1 - https://api.spotify.com/v1/me/player/currently-playing:
 The access token expired, reason: None
[2025-03-03 00:08:28,498] ERROR in tasks: Error type: <class 'spotipy.exceptions.SpotifyException'>
[2025-03-03 00:08:28,498] ERROR in tasks: Error details: {'http_status': 401, 'code': -1, 'msg': 'https://api.spotify.com/v1/me/player/currently-playing:\n The access token expired', 'reason': None, 'headers': {'www-authenticate': 'Bearer realm="spotify", error="invalid_token", error_description="The access token expired"', 'access-control-allow-origin': '*', 'access-control-allow-headers': 'Accept, App-Platform, Authorization, Content-Type, Origin, Retry-After, Spotify-App-Version, X-Cloud-Trace-Context, client-token, content-access-token', 'access-control-allow-methods': 'GET, POST, OPTIONS, PUT, DELETE, PATCH', 'access-control-allow-credentials': 'true', 'access-control-max-age': '604800', 'content-type': 'application/json', 'content-encoding': 'gzip', 'strict-transport-security': 'max-age=31536000', 'x-content-type-options': 'nosniff', 'date': 'Mon, 03 Mar 2025 00:08:28 GMT', 'server': 'envoy', 'Via': 'HTTP/2 edgeproxy, 1.1 google', 'Alt-Svc': 'h3=":443"; ma=2592000,h3-29=":443"; ma=2592000', 'Transfer-Encoding': 'chunked'}}
[2025-03-03 00:08:29,286] INFO in tasks: Refreshed Twitch token for user 501983788
[2025-03-03 00:08:29,448] INFO in tasks: Completed token refresh at 2025-03-03 00:08:29.447959
[2025-03-03 00:09:22,553] INFO in tasks: Starting token refresh at 2025-03-03 00:09:22.553913
[2025-03-03 00:09:22,554] INFO in tasks: Starting current song check at 2025-03-03 00:09:22.554329
[2025-03-03 00:09:22,702] INFO in tasks: Decrypted token for user rj175: True
[2025-03-03 00:09:22,771] INFO in tasks: Completed token refresh at 2025-03-03 00:09:22.771079
[2025-03-03 00:09:22,863] INFO in tasks: No song currently playing for user rj175
[2025-03-03 00:09:27,991] INFO in tasks: Starting token refresh at 2025-03-03 00:09:27.990937
[2025-03-03 00:09:27,991] INFO in tasks: Starting current song check at 2025-03-03 00:09:27.991414
[2025-03-03 00:09:28,131] INFO in tasks: Decrypted token for user rj175: True
[2025-03-03 00:09:28,166] INFO in tasks: Completed token refresh at 2025-03-03 00:09:28.165525
[2025-03-03 00:09:28,264] INFO in tasks: No song currently playing for user rj175
[2025-03-03 00:11:09,931] INFO in __init__: Application Starting
[2025-03-03 00:11:10,957] INFO in _internal: [31m[1mWARNING: This is a development server. Do not use it in a production deployment. Use a production WSGI server instead.[0m
 * Running on http://127.0.0.1:5000
[2025-03-03 00:11:10,957] INFO in _internal: [33mPress CTRL+C to quit[0m
[2025-03-03 00:11:10,958] INFO in _internal:  * Restarting with stat
[2025-03-03 00:11:11,288] INFO in __init__: Application Starting
[2025-03-03 00:11:12,300] WARNING in _internal:  * Debugger is active!
[2025-03-03 00:11:12,306] INFO in _internal:  * Debugger PIN: 115-837-770
[2025-03-03 00:13:39,609] INFO in __init__: Application Starting
[2025-03-03 00:13:40,920] INFO in _internal: [31m[1mWARNING: This is a development server. Do not use it in a production deployment. Use a production WSGI server instead.[0m
 * Running on http://127.0.0.1:5000
[2025-03-03 00:13:40,920] INFO in _internal: [33mPress CTRL+C to quit[0m
[2025-03-03 00:13:57,580] INFO in _internal: 127.0.0.1 - - [03/Mar/2025 00:13:57] "GET / HTTP/1.1" 200 -
[2025-03-03 00:13:57,679] INFO in _internal: 127.0.0.1 - - [03/Mar/2025 00:13:57] "[36mGET /static/css/style.css HTTP/1.1[0m" 304 -
[2025-03-03 00:13:57,750] INFO in _internal: 127.0.0.1 - - [03/Mar/2025 00:13:57] "[36mGET /static/css/style.css HTTP/1.1[0m" 304 -
[2025-03-03 00:14:36,740] INFO in __init__: Application Starting
[2025-03-03 00:14:38,520] INFO in _internal: [31m[1mWARNING: This is a development server. Do not use it in a production deployment. Use a production WSGI server instead.[0m
 * Running on http://127.0.0.1:5000
[2025-03-03 00:14:38,520] INFO in _internal: [33mPress CTRL+C to quit[0m
[2025-03-03 00:14:38,520] INFO in _internal:  * Restarting with stat
[2025-03-03 00:14:38,831] INFO in __init__: Application Starting
[2025-03-03 00:14:39,834] WARNING in _internal:  * Debugger is active!
[2025-03-03 00:14:39,839] INFO in _internal:  * Debugger PIN: 115-837-770
[2025-03-03 00:15:38,505] INFO in tasks: Starting token refresh at 2025-03-03 00:15:38.505249
[2025-03-03 00:15:38,505] INFO in tasks: Starting current song check at 2025-03-03 00:15:38.505745
[2025-03-03 00:15:38,642] INFO in tasks: Completed token refresh at 2025-03-03 00:15:38.642002
[2025-03-03 00:15:38,965] INFO in tasks: Decrypted token for user rj175: True
[2025-03-03 00:15:39,203] INFO in tasks: No song currently playing for user rj175
[2025-03-03 00:15:39,823] INFO in tasks: Starting token refresh at 2025-03-03 00:15:39.823384
[2025-03-03 00:15:39,831] INFO in tasks: Starting current song check at 2025-03-03 00:15:39.831093
[2025-03-03 00:15:39,988] INFO in tasks: Completed token refresh at 2025-03-03 00:15:39.988000
[2025-03-03 00:15:40,304] INFO in tasks: Decrypted token for user rj175: True
[2025-03-03 00:15:40,439] INFO in tasks: No song currently playing for user rj175
[2025-03-03 00:15:44,057] INFO in _internal: 127.0.0.1 - - [03/Mar/2025 00:15:44] "GET / HTTP/1.1" 200 -
[2025-03-03 00:15:44,208] INFO in _internal: 127.0.0.1 - - [03/Mar/2025 00:15:44] "[36mGET /static/css/style.css HTTP/1.1[0m" 304 -
[2025-03-03 00:16:38,503] INFO in tasks: Starting token refresh at 2025-03-03 00:16:38.503708
[2025-03-03 00:16:38,503] INFO in tasks: Starting current song check at 2025-03-03 00:16:38.503850
[2025-03-03 00:16:38,640] INFO in tasks: Decrypted token for user rj175: True
[2025-03-03 00:16:38,672] INFO in tasks: Completed token refresh at 2025-03-03 00:16:38.672301
[2025-03-03 00:16:38,783] INFO in tasks: No song currently playing for user rj175
[2025-03-03 00:16:39,822] INFO in tasks: Starting token refresh at 2025-03-03 00:16:39.822023
[2025-03-03 00:16:39,822] INFO in tasks: Starting current song check at 2025-03-03 00:16:39.822434
[2025-03-03 00:16:39,997] INFO in tasks: Decrypted token for user rj175: True
[2025-03-03 00:16:40,031] INFO in tasks: Completed token refresh at 2025-03-03 00:16:40.030945
[2025-03-03 00:16:40,101] INFO in tasks: No song currently playing for user rj175
[2025-03-03 00:17:38,505] INFO in tasks: Starting token refresh at 2025-03-03 00:17:38.505048
[2025-03-03 00:17:38,505] INFO in tasks: Starting current song check at 2025-03-03 00:17:38.505249
[2025-03-03 00:17:38,675] INFO in tasks: Decrypted token for user rj175: True
[2025-03-03 00:17:38,710] INFO in tasks: Completed token refresh at 2025-03-03 00:17:38.710908
[2025-03-03 00:17:38,844] INFO in tasks: No song currently playing for user rj175
[2025-03-03 00:17:39,822] INFO in tasks: Starting token refresh at 2025-03-03 00:17:39.822856
[2025-03-03 00:17:39,823] INFO in tasks: Starting current song check at 2025-03-03 00:17:39.823327
[2025-03-03 00:17:39,966] INFO in tasks: Decrypted token for user rj175: True
[2025-03-03 00:17:40,040] INFO in tasks: Completed token refresh at 2025-03-03 00:17:40.040275
[2025-03-03 00:17:40,136] INFO in tasks: No song currently playing for user rj175
[2025-03-03 00:18:01,756] INFO in _internal: 127.0.0.1 - - [03/Mar/2025 00:18:01] "GET / HTTP/1.1" 200 -
[2025-03-03 00:18:01,899] INFO in _internal: 127.0.0.1 - - [03/Mar/2025 00:18:01] "GET /static/css/style.css HTTP/1.1" 200 -
[2025-03-03 00:18:38,505] INFO in tasks: Starting token refresh at 2025-03-03 00:18:38.505412
[2025-03-03 00:18:38,505] INFO in tasks: Starting current song check at 2025-03-03 00:18:38.505955
[2025-03-03 00:18:38,656] INFO in tasks: Decrypted token for user rj175: True
[2025-03-03 00:18:38,687] INFO in tasks: Completed token refresh at 2025-03-03 00:18:38.687301
[2025-03-03 00:18:38,802] INFO in tasks: No song currently playing for user rj175
[2025-03-03 00:18:39,821] INFO in tasks: Starting token refresh at 2025-03-03 00:18:39.821006
[2025-03-03 00:18:39,821] INFO in tasks: Starting current song check at 2025-03-03 00:18:39.821549
[2025-03-03 00:18:39,983] INFO in tasks: Decrypted token for user rj175: True
[2025-03-03 00:18:40,016] INFO in tasks: Completed token refresh at 2025-03-03 00:18:40.016236
[2025-03-03 00:18:40,093] INFO in tasks: No song currently playing for user rj175
[2025-03-03 00:19:02,481] INFO in _internal: 127.0.0.1 - - [03/Mar/2025 00:19:02] "GET / HTTP/1.1" 200 -
[2025-03-03 00:19:02,626] INFO in _internal: 127.0.0.1 - - [03/Mar/2025 00:19:02] "[36mGET /static/css/style.css HTTP/1.1[0m" 304 -
[2025-03-03 00:19:38,504] INFO in tasks: Starting token refresh at 2025-03-03 00:19:38.504404
[2025-03-03 00:19:38,504] INFO in tasks: Starting current song check at 2025-03-03 00:19:38.504839
[2025-03-03 00:19:39,048] INFO in tasks: Decrypted token for user rj175: True
[2025-03-03 00:19:39,081] INFO in tasks: Completed token refresh at 2025-03-03 00:19:39.081672
[2025-03-03 00:19:39,400] INFO in tasks: No song currently playing for user rj175
[2025-03-03 00:19:39,822] INFO in tasks: Starting token refresh at 2025-03-03 00:19:39.822546
[2025-03-03 00:19:39,822] INFO in tasks: Starting current song check at 2025-03-03 00:19:39.822899
[2025-03-03 00:19:40,231] INFO in tasks: Decrypted token for user rj175: True
[2025-03-03 00:19:40,264] INFO in tasks: Completed token refresh at 2025-03-03 00:19:40.264492
[2025-03-03 00:19:40,584] INFO in tasks: No song currently playing for user rj175
[2025-03-03 00:20:38,502] INFO in tasks: Starting token refresh at 2025-03-03 00:20:38.502072
[2025-03-03 00:20:38,502] INFO in tasks: Starting current song check at 2025-03-03 00:20:38.502399
[2025-03-03 00:20:38,999] INFO in tasks: Decrypted token for user rj175: True
[2025-03-03 00:20:39,144] INFO in tasks: Completed token refresh at 2025-03-03 00:20:39.144516
[2025-03-03 00:20:39,515] INFO in tasks: No song currently playing for user rj175
[2025-03-03 00:20:39,819] INFO in tasks: Starting token refresh at 2025-03-03 00:20:39.819649
[2025-03-03 00:20:39,819] INFO in tasks: Starting current song check at 2025-03-03 00:20:39.819877
[2025-03-03 00:20:39,984] INFO in tasks: Decrypted token for user rj175: True
[2025-03-03 00:20:40,025] INFO in tasks: Completed token refresh at 2025-03-03 00:20:40.024958
[2025-03-03 00:20:40,104] INFO in tasks: No song currently playing for user rj175
[2025-03-03 00:20:42,475] INFO in _internal: 127.0.0.1 - - [03/Mar/2025 00:20:42] "GET / HTTP/1.1" 200 -
[2025-03-03 00:20:42,632] INFO in _internal: 127.0.0.1 - - [03/Mar/2025 00:20:42] "[36mGET /static/css/style.css HTTP/1.1[0m" 304 -
[2025-03-03 00:20:50,845] INFO in _internal: 127.0.0.1 - - [03/Mar/2025 00:20:50] "GET / HTTP/1.1" 200 -
[2025-03-03 00:20:51,187] INFO in _internal: 127.0.0.1 - - [03/Mar/2025 00:20:51] "[36mGET /static/css/style.css HTTP/1.1[0m" 304 -
[2025-03-03 00:20:56,832] INFO in routes: Getting moderated channels for user ID 501983788
[2025-03-03 00:20:57,188] INFO in _internal: 127.0.0.1 - - [03/Mar/2025 00:20:57] "GET /manage_channel HTTP/1.1" 200 -
[2025-03-03 00:20:57,275] INFO in _internal: 127.0.0.1 - - [03/Mar/2025 00:20:57] "[36mGET /manage_channel?__debugger__=yes&cmd=resource&f=debugger.js HTTP/1.1[0m" 304 -
[2025-03-03 00:20:57,275] INFO in _internal: 127.0.0.1 - - [03/Mar/2025 00:20:57] "[36mGET /manage_channel?__debugger__=yes&cmd=resource&f=console.png HTTP/1.1[0m" 304 -
[2025-03-03 00:20:57,299] INFO in _internal: 127.0.0.1 - - [03/Mar/2025 00:20:57] "[36mGET /manage_channel?__debugger__=yes&cmd=resource&f=style.css HTTP/1.1[0m" 304 -
[2025-03-03 00:20:57,335] INFO in _internal: 127.0.0.1 - - [03/Mar/2025 00:20:57] "[36mGET /static/css/style.css HTTP/1.1[0m" 304 -
[2025-03-03 00:20:59,984] INFO in routes: Getting moderated channels for user ID 501983788
[2025-03-03 00:21:00,381] INFO in _internal: 127.0.0.1 - - [03/Mar/2025 00:21:00] "[32mPOST /manage_channel HTTP/1.1[0m" 302 -
[2025-03-03 00:21:00,644] INFO in _internal: 127.0.0.1 - - [03/Mar/2025 00:21:00] "GET / HTTP/1.1" 200 -
[2025-03-03 00:21:00,790] INFO in _internal: 127.0.0.1 - - [03/Mar/2025 00:21:00] "[36mGET /static/css/style.css HTTP/1.1[0m" 304 -
[2025-03-03 00:21:08,984] INFO in routes: Getting moderated channels for user ID 501983788
[2025-03-03 00:21:09,262] INFO in _internal: 127.0.0.1 - - [03/Mar/2025 00:21:09] "GET /manage_channel HTTP/1.1" 200 -
[2025-03-03 00:21:09,334] INFO in _internal: 127.0.0.1 - - [03/Mar/2025 00:21:09] "[36mGET /manage_channel?__debugger__=yes&cmd=resource&f=style.css HTTP/1.1[0m" 304 -
[2025-03-03 00:21:09,372] INFO in _internal: 127.0.0.1 - - [03/Mar/2025 00:21:09] "[36mGET /manage_channel?__debugger__=yes&cmd=resource&f=debugger.js HTTP/1.1[0m" 304 -
[2025-03-03 00:21:09,374] INFO in _internal: 127.0.0.1 - - [03/Mar/2025 00:21:09] "[36mGET /manage_channel?__debugger__=yes&cmd=resource&f=console.png HTTP/1.1[0m" 304 -
[2025-03-03 00:21:09,398] INFO in _internal: 127.0.0.1 - - [03/Mar/2025 00:21:09] "[36mGET /static/css/style.css HTTP/1.1[0m" 304 -
[2025-03-03 00:21:11,272] INFO in routes: Getting moderated channels for user ID 501983788
[2025-03-03 00:21:11,664] INFO in _internal: 127.0.0.1 - - [03/Mar/2025 00:21:11] "[32mPOST /manage_channel HTTP/1.1[0m" 302 -
[2025-03-03 00:21:11,882] INFO in _internal: 127.0.0.1 - - [03/Mar/2025 00:21:11] "GET / HTTP/1.1" 200 -
[2025-03-03 00:21:12,040] INFO in _internal: 127.0.0.1 - - [03/Mar/2025 00:21:12] "[36mGET /static/css/style.css HTTP/1.1[0m" 304 -
[2025-03-03 00:21:38,502] INFO in tasks: Starting token refresh at 2025-03-03 00:21:38.502651
[2025-03-03 00:21:38,503] INFO in tasks: Starting current song check at 2025-03-03 00:21:38.503146
[2025-03-03 00:21:38,639] INFO in tasks: Decrypted token for user rj175: True
[2025-03-03 00:21:38,675] INFO in tasks: Completed token refresh at 2025-03-03 00:21:38.675409
[2025-03-03 00:21:38,777] INFO in tasks: No song currently playing for user rj175
[2025-03-03 00:21:39,822] INFO in tasks: Starting token refresh at 2025-03-03 00:21:39.822604
[2025-03-03 00:21:39,822] INFO in tasks: Starting current song check at 2025-03-03 00:21:39.822722
[2025-03-03 00:21:39,981] INFO in tasks: Decrypted token for user rj175: True
[2025-03-03 00:21:40,019] INFO in tasks: Completed token refresh at 2025-03-03 00:21:40.019062
[2025-03-03 00:21:40,103] INFO in tasks: No song currently playing for user rj175
[2025-03-03 00:22:38,505] INFO in tasks: Starting token refresh at 2025-03-03 00:22:38.505519
[2025-03-03 00:22:38,506] INFO in tasks: Starting current song check at 2025-03-03 00:22:38.506267
[2025-03-03 00:22:38,655] INFO in tasks: Decrypted token for user rj175: True
[2025-03-03 00:22:38,692] INFO in tasks: Completed token refresh at 2025-03-03 00:22:38.692298
[2025-03-03 00:22:38,886] INFO in tasks: No song currently playing for user rj175
[2025-03-03 00:22:39,822] INFO in tasks: Starting token refresh at 2025-03-03 00:22:39.822599
[2025-03-03 00:22:39,822] INFO in tasks: Starting current song check at 2025-03-03 00:22:39.822749
[2025-03-03 00:22:39,997] INFO in tasks: Decrypted token for user rj175: True
[2025-03-03 00:22:40,026] INFO in tasks: Completed token refresh at 2025-03-03 00:22:40.026392
[2025-03-03 00:22:40,107] INFO in tasks: No song currently playing for user rj175
